{"C:\\Users\\dor01\\OneDrive\\Bureau\\_CONCORDIA\\Team Projects\\SOEN390-myCOVIDtracker\\SOEN390\\Backend\\source\\DatabaseServices.ts": {"path":"C:\\Users\\dor01\\OneDrive\\Bureau\\_CONCORDIA\\Team Projects\\SOEN390-myCOVIDtracker\\SOEN390\\Backend\\source\\DatabaseServices.ts","statementMap":{"0":{"start":{"line":2,"column":0},"end":{"line":2,"column":39}},"1":{"start":{"line":3,"column":0},"end":{"line":3,"column":48}},"2":{"start":{"line":5,"column":18},"end":{"line":5,"column":36}},"3":{"start":{"line":8,"column":4},"end":{"line":8,"column":57}},"4":{"start":{"line":10,"column":4},"end":{"line":28,"column":7}},"5":{"start":{"line":12,"column":12},"end":{"line":23,"column":19}},"6":{"start":{"line":14,"column":20},"end":{"line":14,"column":34}},"7":{"start":{"line":17,"column":20},"end":{"line":17,"column":67}},"8":{"start":{"line":18,"column":20},"end":{"line":18,"column":32}},"9":{"start":{"line":21,"column":20},"end":{"line":21,"column":67}},"10":{"start":{"line":22,"column":20},"end":{"line":22,"column":37}},"11":{"start":{"line":26,"column":12},"end":{"line":26,"column":59}},"12":{"start":{"line":27,"column":12},"end":{"line":27,"column":24}},"13":{"start":{"line":31,"column":8},"end":{"line":31,"column":21}}},"fnMap":{"0":{"name":"queryDatabase","decl":{"start":{"line":7,"column":9},"end":{"line":7,"column":22}},"loc":{"start":{"line":7,"column":36},"end":{"line":29,"column":1}}},"1":{"name":"(anonymous_2)","decl":{"start":{"line":11,"column":14},"end":{"line":11,"column":15}},"loc":{"start":{"line":11,"column":29},"end":{"line":24,"column":9}}},"2":{"name":"(anonymous_3)","decl":{"start":{"line":13,"column":22},"end":{"line":13,"column":23}},"loc":{"start":{"line":13,"column":33},"end":{"line":15,"column":17}}},"3":{"name":"(anonymous_4)","decl":{"start":{"line":16,"column":23},"end":{"line":16,"column":24}},"loc":{"start":{"line":16,"column":33},"end":{"line":19,"column":17}}},"4":{"name":"(anonymous_5)","decl":{"start":{"line":20,"column":25},"end":{"line":20,"column":28}},"loc":{"start":{"line":20,"column":30},"end":{"line":23,"column":17}}},"5":{"name":"(anonymous_6)","decl":{"start":{"line":25,"column":15},"end":{"line":25,"column":16}},"loc":{"start":{"line":25,"column":25},"end":{"line":28,"column":5}}}},"branchMap":{},"s":{"0":4,"1":4,"2":4,"3":22,"4":22,"5":22,"6":22,"7":0,"8":0,"9":22,"10":22,"11":0,"12":0,"13":4},"f":{"0":22,"1":22,"2":22,"3":0,"4":22,"5":0},"b":{}}
,"C:\\Users\\dor01\\OneDrive\\Bureau\\_CONCORDIA\\Team Projects\\SOEN390-myCOVIDtracker\\SOEN390\\Backend\\source\\testflags.ts": {"path":"C:\\Users\\dor01\\OneDrive\\Bureau\\_CONCORDIA\\Team Projects\\SOEN390-myCOVIDtracker\\SOEN390\\Backend\\source\\testflags.ts","statementMap":{"0":{"start":{"line":1,"column":13},"end":{"line":1,"column":40}},"1":{"start":{"line":2,"column":13},"end":{"line":2,"column":39}}},"fnMap":{},"branchMap":{},"s":{"0":1,"1":1},"f":{},"b":{}}
,"C:\\Users\\dor01\\OneDrive\\Bureau\\_CONCORDIA\\Team Projects\\SOEN390-myCOVIDtracker\\SOEN390\\Backend\\source\\config\\config.ts": {"path":"C:\\Users\\dor01\\OneDrive\\Bureau\\_CONCORDIA\\Team Projects\\SOEN390-myCOVIDtracker\\SOEN390\\Backend\\source\\config\\config.ts","statementMap":{"0":{"start":{"line":1,"column":0},"end":{"line":1,"column":28}},"1":{"start":{"line":2,"column":0},"end":{"line":2,"column":16}},"2":{"start":{"line":4,"column":19},"end":{"line":4,"column":51}},"3":{"start":{"line":5,"column":0},"end":{"line":5,"column":58}},"4":{"start":{"line":6,"column":23},"end":{"line":6,"column":62}},"5":{"start":{"line":7,"column":19},"end":{"line":7,"column":60}},"6":{"start":{"line":8,"column":23},"end":{"line":8,"column":62}},"7":{"start":{"line":11,"column":14},"end":{"line":16,"column":2}},"8":{"start":{"line":18,"column":24},"end":{"line":18,"column":66}},"9":{"start":{"line":19,"column":20},"end":{"line":19,"column":44}},"10":{"start":{"line":21,"column":32},"end":{"line":21,"column":75}},"11":{"start":{"line":22,"column":28},"end":{"line":22,"column":74}},"12":{"start":{"line":23,"column":28},"end":{"line":23,"column":85}},"13":{"start":{"line":26,"column":15},"end":{"line":34,"column":2}},"14":{"start":{"line":36,"column":15},"end":{"line":39,"column":2}},"15":{"start":{"line":41,"column":0},"end":{"line":41,"column":22}}},"fnMap":{},"branchMap":{"0":{"loc":{"start":{"line":4,"column":19},"end":{"line":4,"column":51}},"type":"binary-expr","locations":[{"start":{"line":4,"column":19},"end":{"line":4,"column":41}},{"start":{"line":4,"column":45},"end":{"line":4,"column":51}}]},"1":{"loc":{"start":{"line":6,"column":23},"end":{"line":6,"column":62}},"type":"binary-expr","locations":[{"start":{"line":6,"column":23},"end":{"line":6,"column":49}},{"start":{"line":6,"column":53},"end":{"line":6,"column":62}}]},"2":{"loc":{"start":{"line":7,"column":19},"end":{"line":7,"column":60}},"type":"binary-expr","locations":[{"start":{"line":7,"column":19},"end":{"line":7,"column":41}},{"start":{"line":7,"column":45},"end":{"line":7,"column":60}}]},"3":{"loc":{"start":{"line":8,"column":23},"end":{"line":8,"column":62}},"type":"binary-expr","locations":[{"start":{"line":8,"column":23},"end":{"line":8,"column":49}},{"start":{"line":8,"column":53},"end":{"line":8,"column":62}}]},"4":{"loc":{"start":{"line":18,"column":24},"end":{"line":18,"column":66}},"type":"binary-expr","locations":[{"start":{"line":18,"column":24},"end":{"line":18,"column":51}},{"start":{"line":18,"column":55},"end":{"line":18,"column":66}}]},"5":{"loc":{"start":{"line":19,"column":20},"end":{"line":19,"column":44}},"type":"binary-expr","locations":[{"start":{"line":19,"column":20},"end":{"line":19,"column":36}},{"start":{"line":19,"column":40},"end":{"line":19,"column":44}}]},"6":{"loc":{"start":{"line":21,"column":32},"end":{"line":21,"column":75}},"type":"binary-expr","locations":[{"start":{"line":21,"column":32},"end":{"line":21,"column":67}},{"start":{"line":21,"column":71},"end":{"line":21,"column":75}}]},"7":{"loc":{"start":{"line":22,"column":28},"end":{"line":22,"column":74}},"type":"binary-expr","locations":[{"start":{"line":22,"column":28},"end":{"line":22,"column":59}},{"start":{"line":22,"column":63},"end":{"line":22,"column":74}}]},"8":{"loc":{"start":{"line":23,"column":28},"end":{"line":23,"column":85}},"type":"binary-expr","locations":[{"start":{"line":23,"column":28},"end":{"line":23,"column":59}},{"start":{"line":23,"column":63},"end":{"line":23,"column":85}}]}},"s":{"0":4,"1":4,"2":4,"3":4,"4":4,"5":4,"6":4,"7":4,"8":4,"9":4,"10":4,"11":4,"12":4,"13":4,"14":4,"15":4},"f":{},"b":{"0":[4,4],"1":[4,4],"2":[4,4],"3":[4,4],"4":[4,4],"5":[4,4],"6":[4,4],"7":[4,4],"8":[4,4]}}
,"C:\\Users\\dor01\\OneDrive\\Bureau\\_CONCORDIA\\Team Projects\\SOEN390-myCOVIDtracker\\SOEN390\\Backend\\source\\config\\logging.ts": {"path":"C:\\Users\\dor01\\OneDrive\\Bureau\\_CONCORDIA\\Team Projects\\SOEN390-myCOVIDtracker\\SOEN390\\Backend\\source\\config\\logging.ts","statementMap":{"0":{"start":{"line":1,"column":13},"end":{"line":7,"column":1}},"1":{"start":{"line":2,"column":4},"end":{"line":6,"column":null}},"2":{"start":{"line":3,"column":8},"end":{"line":3,"column":85}},"3":{"start":{"line":5,"column":8},"end":{"line":5,"column":77}},"4":{"start":{"line":9,"column":13},"end":{"line":15,"column":1}},"5":{"start":{"line":10,"column":4},"end":{"line":14,"column":null}},"6":{"start":{"line":11,"column":8},"end":{"line":11,"column":85}},"7":{"start":{"line":13,"column":8},"end":{"line":13,"column":77}},"8":{"start":{"line":17,"column":14},"end":{"line":23,"column":1}},"9":{"start":{"line":18,"column":4},"end":{"line":22,"column":null}},"10":{"start":{"line":19,"column":8},"end":{"line":19,"column":87}},"11":{"start":{"line":21,"column":8},"end":{"line":21,"column":79}},"12":{"start":{"line":25,"column":14},"end":{"line":31,"column":1}},"13":{"start":{"line":26,"column":4},"end":{"line":30,"column":null}},"14":{"start":{"line":27,"column":8},"end":{"line":27,"column":87}},"15":{"start":{"line":29,"column":8},"end":{"line":29,"column":79}},"16":{"start":{"line":33,"column":21},"end":{"line":35,"column":1}},"17":{"start":{"line":34,"column":4},"end":{"line":34,"column":36}},"18":{"start":{"line":37,"column":0},"end":{"line":42,"column":2}}},"fnMap":{"0":{"name":"(anonymous_0)","decl":{"start":{"line":1,"column":13},"end":{"line":1,"column":14}},"loc":{"start":{"line":1,"column":66},"end":{"line":7,"column":1}}},"1":{"name":"(anonymous_1)","decl":{"start":{"line":9,"column":13},"end":{"line":9,"column":14}},"loc":{"start":{"line":9,"column":66},"end":{"line":15,"column":1}}},"2":{"name":"(anonymous_2)","decl":{"start":{"line":17,"column":14},"end":{"line":17,"column":15}},"loc":{"start":{"line":17,"column":67},"end":{"line":23,"column":1}}},"3":{"name":"(anonymous_3)","decl":{"start":{"line":25,"column":14},"end":{"line":25,"column":15}},"loc":{"start":{"line":25,"column":67},"end":{"line":31,"column":1}}},"4":{"name":"(anonymous_4)","decl":{"start":{"line":33,"column":21},"end":{"line":33,"column":32}},"loc":{"start":{"line":33,"column":34},"end":{"line":35,"column":1}}}},"branchMap":{"0":{"loc":{"start":{"line":2,"column":4},"end":{"line":6,"column":null}},"type":"if","locations":[{"start":{"line":2,"column":4},"end":{"line":6,"column":null}},{"start":{"line":4,"column":11},"end":{"line":6,"column":null}}]},"1":{"loc":{"start":{"line":10,"column":4},"end":{"line":14,"column":null}},"type":"if","locations":[{"start":{"line":10,"column":4},"end":{"line":14,"column":null}},{"start":{"line":12,"column":11},"end":{"line":14,"column":null}}]},"2":{"loc":{"start":{"line":18,"column":4},"end":{"line":22,"column":null}},"type":"if","locations":[{"start":{"line":18,"column":4},"end":{"line":22,"column":null}},{"start":{"line":20,"column":11},"end":{"line":22,"column":null}}]},"3":{"loc":{"start":{"line":26,"column":4},"end":{"line":30,"column":null}},"type":"if","locations":[{"start":{"line":26,"column":4},"end":{"line":30,"column":null}},{"start":{"line":28,"column":11},"end":{"line":30,"column":null}}]}},"s":{"0":6,"1":45,"2":0,"3":45,"4":6,"5":0,"6":0,"7":0,"8":6,"9":5,"10":0,"11":5,"12":6,"13":10,"14":10,"15":0,"16":6,"17":60,"18":6},"f":{"0":45,"1":0,"2":5,"3":10,"4":60},"b":{"0":[0,45],"1":[0,0],"2":[0,5],"3":[10,0]}}
,"C:\\Users\\dor01\\OneDrive\\Bureau\\_CONCORDIA\\Team Projects\\SOEN390-myCOVIDtracker\\SOEN390\\Backend\\source\\config\\mysql.ts": {"path":"C:\\Users\\dor01\\OneDrive\\Bureau\\_CONCORDIA\\Team Projects\\SOEN390-myCOVIDtracker\\SOEN390\\Backend\\source\\config\\mysql.ts","statementMap":{"0":{"start":{"line":1,"column":0},"end":{"line":1,"column":26}},"1":{"start":{"line":2,"column":0},"end":{"line":2,"column":30}},"2":{"start":{"line":3,"column":0},"end":{"line":3,"column":32}},"3":{"start":{"line":5,"column":18},"end":{"line":5,"column":25}},"4":{"start":{"line":7,"column":15},"end":{"line":12,"column":2}},"5":{"start":{"line":14,"column":16},"end":{"line":26,"column":7}},"6":{"start":{"line":14,"column":27},"end":{"line":26,"column":7}},"7":{"start":{"line":15,"column":4},"end":{"line":26,"column":7}},"8":{"start":{"line":16,"column":27},"end":{"line":16,"column":57}},"9":{"start":{"line":17,"column":8},"end":{"line":25,"column":11}},"10":{"start":{"line":18,"column":12},"end":{"line":22,"column":null}},"11":{"start":{"line":19,"column":16},"end":{"line":19,"column":63}},"12":{"start":{"line":20,"column":16},"end":{"line":20,"column":30}},"13":{"start":{"line":21,"column":16},"end":{"line":21,"column":23}},"14":{"start":{"line":24,"column":12},"end":{"line":24,"column":32}},"15":{"start":{"line":41,"column":9},"end":{"line":41,"column":16}},"16":{"start":{"line":28,"column":14},"end":{"line":38,"column":7}},"17":{"start":{"line":28,"column":68},"end":{"line":38,"column":7}},"18":{"start":{"line":29,"column":4},"end":{"line":38,"column":7}},"19":{"start":{"line":30,"column":8},"end":{"line":37,"column":11}},"20":{"start":{"line":31,"column":12},"end":{"line":34,"column":null}},"21":{"start":{"line":32,"column":16},"end":{"line":32,"column":30}},"22":{"start":{"line":33,"column":16},"end":{"line":33,"column":23}},"23":{"start":{"line":36,"column":12},"end":{"line":36,"column":28}},"24":{"start":{"line":41,"column":18},"end":{"line":41,"column":23}}},"fnMap":{"0":{"name":"(anonymous_8)","decl":{"start":{"line":14,"column":16},"end":{"line":14,"column":25}},"loc":{"start":{"line":14,"column":27},"end":{"line":26,"column":7}}},"1":{"name":"(anonymous_9)","decl":{"start":{"line":14,"column":27},"end":{"line":14,"column":null}},"loc":{"start":{"line":14,"column":27},"end":{"line":26,"column":7}}},"2":{"name":"(anonymous_10)","decl":{"start":{"line":15,"column":34},"end":{"line":15,"column":35}},"loc":{"start":{"line":15,"column":54},"end":{"line":26,"column":5}}},"3":{"name":"(anonymous_11)","decl":{"start":{"line":17,"column":27},"end":{"line":17,"column":28}},"loc":{"start":{"line":17,"column":37},"end":{"line":25,"column":9}}},"4":{"name":"(anonymous_12)","decl":{"start":{"line":28,"column":14},"end":{"line":28,"column":21}},"loc":{"start":{"line":28,"column":68},"end":{"line":38,"column":7}}},"5":{"name":"(anonymous_13)","decl":{"start":{"line":28,"column":68},"end":{"line":28,"column":null}},"loc":{"start":{"line":28,"column":68},"end":{"line":38,"column":7}}},"6":{"name":"(anonymous_14)","decl":{"start":{"line":29,"column":16},"end":{"line":29,"column":17}},"loc":{"start":{"line":29,"column":36},"end":{"line":38,"column":5}}},"7":{"name":"(anonymous_15)","decl":{"start":{"line":30,"column":44},"end":{"line":30,"column":45}},"loc":{"start":{"line":30,"column":62},"end":{"line":37,"column":9}}}},"branchMap":{"0":{"loc":{"start":{"line":18,"column":12},"end":{"line":22,"column":null}},"type":"if","locations":[{"start":{"line":18,"column":12},"end":{"line":22,"column":null}}]},"1":{"loc":{"start":{"line":31,"column":12},"end":{"line":34,"column":null}},"type":"if","locations":[{"start":{"line":31,"column":12},"end":{"line":34,"column":null}}]}},"s":{"0":4,"1":4,"2":4,"3":4,"4":4,"5":4,"6":22,"7":22,"8":22,"9":22,"10":22,"11":0,"12":0,"13":0,"14":22,"15":4,"16":4,"17":22,"18":22,"19":22,"20":22,"21":0,"22":0,"23":22,"24":4},"f":{"0":22,"1":22,"2":22,"3":22,"4":22,"5":22,"6":22,"7":22},"b":{"0":[0],"1":[0]}}
,"C:\\Users\\dor01\\OneDrive\\Bureau\\_CONCORDIA\\Team Projects\\SOEN390-myCOVIDtracker\\SOEN390\\Backend\\source\\repositories\\account.ts": {"path":"C:\\Users\\dor01\\OneDrive\\Bureau\\_CONCORDIA\\Team Projects\\SOEN390-myCOVIDtracker\\SOEN390\\Backend\\source\\repositories\\account.ts","statementMap":{"0":{"start":{"line":2,"column":0},"end":{"line":2,"column":52}},"1":{"start":{"line":3,"column":0},"end":{"line":3,"column":40}},"2":{"start":{"line":5,"column":18},"end":{"line":5,"column":38}},"3":{"start":{"line":8,"column":22},"end":{"line":12,"column":1}},"4":{"start":{"line":9,"column":18},"end":{"line":9,"column":197}},"5":{"start":{"line":10,"column":4},"end":{"line":10,"column":36}},"6":{"start":{"line":11,"column":4},"end":{"line":11,"column":32}},"7":{"start":{"line":95,"column":4},"end":{"line":95,"column":17}},"8":{"start":{"line":15,"column":28},"end":{"line":19,"column":1}},"9":{"start":{"line":16,"column":18},"end":{"line":16,"column":197}},"10":{"start":{"line":17,"column":4},"end":{"line":17,"column":36}},"11":{"start":{"line":18,"column":4},"end":{"line":18,"column":32}},"12":{"start":{"line":96,"column":4},"end":{"line":96,"column":23}},"13":{"start":{"line":22,"column":24},"end":{"line":26,"column":1}},"14":{"start":{"line":23,"column":18},"end":{"line":23,"column":80}},"15":{"start":{"line":24,"column":4},"end":{"line":24,"column":36}},"16":{"start":{"line":25,"column":4},"end":{"line":25,"column":32}},"17":{"start":{"line":98,"column":4},"end":{"line":98,"column":19}},"18":{"start":{"line":27,"column":27},"end":{"line":31,"column":1}},"19":{"start":{"line":28,"column":18},"end":{"line":28,"column":86}},"20":{"start":{"line":29,"column":4},"end":{"line":29,"column":36}},"21":{"start":{"line":30,"column":4},"end":{"line":30,"column":32}},"22":{"start":{"line":99,"column":4},"end":{"line":99,"column":22}},"23":{"start":{"line":32,"column":27},"end":{"line":36,"column":1}},"24":{"start":{"line":33,"column":18},"end":{"line":33,"column":80}},"25":{"start":{"line":34,"column":4},"end":{"line":34,"column":36}},"26":{"start":{"line":35,"column":4},"end":{"line":35,"column":32}},"27":{"start":{"line":100,"column":4},"end":{"line":100,"column":22}},"28":{"start":{"line":37,"column":28},"end":{"line":41,"column":1}},"29":{"start":{"line":38,"column":18},"end":{"line":38,"column":88}},"30":{"start":{"line":39,"column":4},"end":{"line":39,"column":36}},"31":{"start":{"line":40,"column":4},"end":{"line":40,"column":32}},"32":{"start":{"line":101,"column":4},"end":{"line":101,"column":23}},"33":{"start":{"line":42,"column":27},"end":{"line":46,"column":1}},"34":{"start":{"line":43,"column":18},"end":{"line":43,"column":86}},"35":{"start":{"line":44,"column":4},"end":{"line":44,"column":36}},"36":{"start":{"line":45,"column":4},"end":{"line":45,"column":32}},"37":{"start":{"line":102,"column":4},"end":{"line":102,"column":22}},"38":{"start":{"line":47,"column":27},"end":{"line":51,"column":1}},"39":{"start":{"line":48,"column":18},"end":{"line":48,"column":82}},"40":{"start":{"line":49,"column":4},"end":{"line":49,"column":36}},"41":{"start":{"line":50,"column":4},"end":{"line":50,"column":32}},"42":{"start":{"line":103,"column":4},"end":{"line":103,"column":22}},"43":{"start":{"line":52,"column":27},"end":{"line":56,"column":1}},"44":{"start":{"line":53,"column":18},"end":{"line":53,"column":86}},"45":{"start":{"line":54,"column":4},"end":{"line":54,"column":36}},"46":{"start":{"line":55,"column":4},"end":{"line":55,"column":32}},"47":{"start":{"line":104,"column":4},"end":{"line":104,"column":22}},"48":{"start":{"line":59,"column":23},"end":{"line":62,"column":1}},"49":{"start":{"line":60,"column":18},"end":{"line":60,"column":66}},"50":{"start":{"line":61,"column":4},"end":{"line":61,"column":58}},"51":{"start":{"line":107,"column":4},"end":{"line":107,"column":18}},"52":{"start":{"line":65,"column":26},"end":{"line":68,"column":1}},"53":{"start":{"line":66,"column":18},"end":{"line":66,"column":65}},"54":{"start":{"line":67,"column":4},"end":{"line":67,"column":58}},"55":{"start":{"line":108,"column":4},"end":{"line":108,"column":21}},"56":{"start":{"line":71,"column":22},"end":{"line":74,"column":1}},"57":{"start":{"line":72,"column":18},"end":{"line":72,"column":41}},"58":{"start":{"line":73,"column":4},"end":{"line":73,"column":58}},"59":{"start":{"line":106,"column":4},"end":{"line":106,"column":17}},"60":{"start":{"line":77,"column":31},"end":{"line":80,"column":1}},"61":{"start":{"line":78,"column":18},"end":{"line":78,"column":58}},"62":{"start":{"line":79,"column":4},"end":{"line":79,"column":58}},"63":{"start":{"line":109,"column":4},"end":{"line":109,"column":26}},"64":{"start":{"line":83,"column":32},"end":{"line":86,"column":1}},"65":{"start":{"line":84,"column":18},"end":{"line":84,"column":58}},"66":{"start":{"line":85,"column":4},"end":{"line":85,"column":58}},"67":{"start":{"line":110,"column":4},"end":{"line":110,"column":27}},"68":{"start":{"line":89,"column":29},"end":{"line":92,"column":1}},"69":{"start":{"line":90,"column":18},"end":{"line":90,"column":62}},"70":{"start":{"line":91,"column":4},"end":{"line":91,"column":32}},"71":{"start":{"line":112,"column":4},"end":{"line":112,"column":24}}},"fnMap":{"0":{"name":"(anonymous_1)","decl":{"start":{"line":8,"column":22},"end":{"line":8,"column":23}},"loc":{"start":{"line":8,"column":45},"end":{"line":12,"column":1}}},"1":{"name":"(anonymous_2)","decl":{"start":{"line":15,"column":28},"end":{"line":15,"column":29}},"loc":{"start":{"line":15,"column":51},"end":{"line":19,"column":1}}},"2":{"name":"(anonymous_3)","decl":{"start":{"line":22,"column":24},"end":{"line":22,"column":25}},"loc":{"start":{"line":22,"column":76},"end":{"line":26,"column":1}}},"3":{"name":"(anonymous_4)","decl":{"start":{"line":27,"column":27},"end":{"line":27,"column":28}},"loc":{"start":{"line":27,"column":82},"end":{"line":31,"column":1}}},"4":{"name":"(anonymous_5)","decl":{"start":{"line":32,"column":27},"end":{"line":32,"column":28}},"loc":{"start":{"line":32,"column":78},"end":{"line":36,"column":1}}},"5":{"name":"(anonymous_6)","decl":{"start":{"line":37,"column":28},"end":{"line":37,"column":29}},"loc":{"start":{"line":37,"column":83},"end":{"line":41,"column":1}}},"6":{"name":"(anonymous_7)","decl":{"start":{"line":42,"column":27},"end":{"line":42,"column":28}},"loc":{"start":{"line":42,"column":81},"end":{"line":46,"column":1}}},"7":{"name":"(anonymous_8)","decl":{"start":{"line":47,"column":27},"end":{"line":47,"column":28}},"loc":{"start":{"line":47,"column":77},"end":{"line":51,"column":1}}},"8":{"name":"(anonymous_9)","decl":{"start":{"line":52,"column":27},"end":{"line":52,"column":28}},"loc":{"start":{"line":52,"column":81},"end":{"line":56,"column":1}}},"9":{"name":"(anonymous_10)","decl":{"start":{"line":59,"column":23},"end":{"line":59,"column":24}},"loc":{"start":{"line":59,"column":49},"end":{"line":62,"column":1}}},"10":{"name":"(anonymous_11)","decl":{"start":{"line":65,"column":26},"end":{"line":65,"column":27}},"loc":{"start":{"line":65,"column":54},"end":{"line":68,"column":1}}},"11":{"name":"(anonymous_12)","decl":{"start":{"line":71,"column":22},"end":{"line":71,"column":25}},"loc":{"start":{"line":71,"column":27},"end":{"line":74,"column":1}}},"12":{"name":"(anonymous_13)","decl":{"start":{"line":77,"column":31},"end":{"line":77,"column":34}},"loc":{"start":{"line":77,"column":36},"end":{"line":80,"column":1}}},"13":{"name":"(anonymous_14)","decl":{"start":{"line":83,"column":32},"end":{"line":83,"column":35}},"loc":{"start":{"line":83,"column":37},"end":{"line":86,"column":1}}},"14":{"name":"(anonymous_15)","decl":{"start":{"line":89,"column":29},"end":{"line":89,"column":30}},"loc":{"start":{"line":89,"column":57},"end":{"line":92,"column":1}}}},"branchMap":{},"s":{"0":1,"1":1,"2":1,"3":1,"4":0,"5":0,"6":0,"7":1,"8":1,"9":0,"10":0,"11":0,"12":1,"13":1,"14":0,"15":0,"16":0,"17":1,"18":1,"19":0,"20":0,"21":0,"22":1,"23":1,"24":0,"25":0,"26":0,"27":1,"28":1,"29":0,"30":0,"31":0,"32":1,"33":1,"34":0,"35":0,"36":0,"37":1,"38":1,"39":0,"40":0,"41":0,"42":1,"43":1,"44":0,"45":0,"46":0,"47":1,"48":1,"49":0,"50":0,"51":1,"52":1,"53":5,"54":5,"55":1,"56":1,"57":0,"58":0,"59":1,"60":1,"61":0,"62":0,"63":1,"64":1,"65":0,"66":0,"67":1,"68":1,"69":0,"70":0,"71":1},"f":{"0":0,"1":0,"2":0,"3":0,"4":0,"5":0,"6":0,"7":0,"8":0,"9":0,"10":5,"11":0,"12":0,"13":0,"14":0},"b":{}}
,"C:\\Users\\dor01\\OneDrive\\Bureau\\_CONCORDIA\\Team Projects\\SOEN390-myCOVIDtracker\\SOEN390\\Backend\\source\\repositories\\appointment.ts": {"path":"C:\\Users\\dor01\\OneDrive\\Bureau\\_CONCORDIA\\Team Projects\\SOEN390-myCOVIDtracker\\SOEN390\\Backend\\source\\repositories\\appointment.ts","statementMap":{"0":{"start":{"line":2,"column":0},"end":{"line":2,"column":52}},"1":{"start":{"line":5,"column":18},"end":{"line":5,"column":38}},"2":{"start":{"line":8,"column":26},"end":{"line":11,"column":1}},"3":{"start":{"line":9,"column":18},"end":{"line":9,"column":180}},"4":{"start":{"line":10,"column":4},"end":{"line":10,"column":32}},"5":{"start":{"line":33,"column":4},"end":{"line":33,"column":21}},"6":{"start":{"line":14,"column":24},"end":{"line":17,"column":1}},"7":{"start":{"line":15,"column":18},"end":{"line":15,"column":89}},"8":{"start":{"line":16,"column":4},"end":{"line":16,"column":32}},"9":{"start":{"line":34,"column":4},"end":{"line":34,"column":19}},"10":{"start":{"line":20,"column":26},"end":{"line":23,"column":1}},"11":{"start":{"line":21,"column":18},"end":{"line":21,"column":216}},"12":{"start":{"line":22,"column":4},"end":{"line":22,"column":32}},"13":{"start":{"line":35,"column":4},"end":{"line":35,"column":21}},"14":{"start":{"line":26,"column":33},"end":{"line":29,"column":1}},"15":{"start":{"line":27,"column":18},"end":{"line":27,"column":97}},"16":{"start":{"line":28,"column":4},"end":{"line":28,"column":65}},"17":{"start":{"line":36,"column":4},"end":{"line":36,"column":28}}},"fnMap":{"0":{"name":"(anonymous_0)","decl":{"start":{"line":8,"column":26},"end":{"line":8,"column":27}},"loc":{"start":{"line":8,"column":60},"end":{"line":11,"column":1}}},"1":{"name":"(anonymous_1)","decl":{"start":{"line":14,"column":24},"end":{"line":14,"column":25}},"loc":{"start":{"line":14,"column":58},"end":{"line":17,"column":1}}},"2":{"name":"(anonymous_2)","decl":{"start":{"line":20,"column":26},"end":{"line":20,"column":27}},"loc":{"start":{"line":20,"column":60},"end":{"line":23,"column":1}}},"3":{"name":"(anonymous_3)","decl":{"start":{"line":26,"column":33},"end":{"line":26,"column":34}},"loc":{"start":{"line":26,"column":67},"end":{"line":29,"column":1}}}},"branchMap":{},"s":{"0":1,"1":1,"2":1,"3":0,"4":0,"5":1,"6":1,"7":0,"8":0,"9":1,"10":1,"11":0,"12":0,"13":1,"14":1,"15":2,"16":2,"17":1},"f":{"0":0,"1":0,"2":0,"3":2},"b":{}}
,"C:\\Users\\dor01\\OneDrive\\Bureau\\_CONCORDIA\\Team Projects\\SOEN390-myCOVIDtracker\\SOEN390\\Backend\\source\\repositories\\doctor.ts": {"path":"C:\\Users\\dor01\\OneDrive\\Bureau\\_CONCORDIA\\Team Projects\\SOEN390-myCOVIDtracker\\SOEN390\\Backend\\source\\repositories\\doctor.ts","statementMap":{"0":{"start":{"line":2,"column":0},"end":{"line":2,"column":52}},"1":{"start":{"line":3,"column":0},"end":{"line":3,"column":40}},"2":{"start":{"line":6,"column":18},"end":{"line":6,"column":37}},"3":{"start":{"line":10,"column":31},"end":{"line":13,"column":1}},"4":{"start":{"line":11,"column":18},"end":{"line":11,"column":58}},"5":{"start":{"line":12,"column":4},"end":{"line":12,"column":57}},"6":{"start":{"line":64,"column":4},"end":{"line":64,"column":26}},"7":{"start":{"line":16,"column":24},"end":{"line":19,"column":1}},"8":{"start":{"line":17,"column":18},"end":{"line":17,"column":63}},"9":{"start":{"line":18,"column":4},"end":{"line":18,"column":32}},"10":{"start":{"line":65,"column":4},"end":{"line":65,"column":19}},"11":{"start":{"line":22,"column":35},"end":{"line":25,"column":1}},"12":{"start":{"line":23,"column":18},"end":{"line":23,"column":112}},"13":{"start":{"line":24,"column":4},"end":{"line":24,"column":32}},"14":{"start":{"line":66,"column":4},"end":{"line":66,"column":30}},"15":{"start":{"line":28,"column":31},"end":{"line":31,"column":1}},"16":{"start":{"line":29,"column":18},"end":{"line":29,"column":146}},"17":{"start":{"line":30,"column":4},"end":{"line":30,"column":32}},"18":{"start":{"line":68,"column":4},"end":{"line":68,"column":26}},"19":{"start":{"line":34,"column":23},"end":{"line":37,"column":1}},"20":{"start":{"line":35,"column":18},"end":{"line":35,"column":146}},"21":{"start":{"line":36,"column":4},"end":{"line":36,"column":32}},"22":{"start":{"line":69,"column":4},"end":{"line":69,"column":18}},"23":{"start":{"line":40,"column":28},"end":{"line":44,"column":1}},"24":{"start":{"line":41,"column":18},"end":{"line":41,"column":80}},"25":{"start":{"line":42,"column":6},"end":{"line":42,"column":48}},"26":{"start":{"line":43,"column":4},"end":{"line":43,"column":57}},"27":{"start":{"line":67,"column":4},"end":{"line":67,"column":23}},"28":{"start":{"line":47,"column":33},"end":{"line":54,"column":1}},"29":{"start":{"line":49,"column":16},"end":{"line":49,"column":99}},"30":{"start":{"line":50,"column":4},"end":{"line":52,"column":null}},"31":{"start":{"line":51,"column":8},"end":{"line":51,"column":101}},"32":{"start":{"line":53,"column":4},"end":{"line":53,"column":32}},"33":{"start":{"line":70,"column":4},"end":{"line":70,"column":28}},"34":{"start":{"line":57,"column":30},"end":{"line":60,"column":1}},"35":{"start":{"line":58,"column":18},"end":{"line":58,"column":120}},"36":{"start":{"line":59,"column":4},"end":{"line":59,"column":32}},"37":{"start":{"line":71,"column":4},"end":{"line":71,"column":25}}},"fnMap":{"0":{"name":"(anonymous_1)","decl":{"start":{"line":10,"column":31},"end":{"line":10,"column":34}},"loc":{"start":{"line":10,"column":36},"end":{"line":13,"column":1}}},"1":{"name":"(anonymous_2)","decl":{"start":{"line":16,"column":24},"end":{"line":16,"column":27}},"loc":{"start":{"line":16,"column":29},"end":{"line":19,"column":1}}},"2":{"name":"(anonymous_3)","decl":{"start":{"line":22,"column":35},"end":{"line":22,"column":36}},"loc":{"start":{"line":22,"column":56},"end":{"line":25,"column":1}}},"3":{"name":"(anonymous_4)","decl":{"start":{"line":28,"column":31},"end":{"line":28,"column":32}},"loc":{"start":{"line":28,"column":52},"end":{"line":31,"column":1}}},"4":{"name":"(anonymous_5)","decl":{"start":{"line":34,"column":23},"end":{"line":34,"column":24}},"loc":{"start":{"line":34,"column":49},"end":{"line":37,"column":1}}},"5":{"name":"(anonymous_6)","decl":{"start":{"line":40,"column":28},"end":{"line":40,"column":29}},"loc":{"start":{"line":40,"column":50},"end":{"line":44,"column":1}}},"6":{"name":"(anonymous_7)","decl":{"start":{"line":47,"column":33},"end":{"line":47,"column":34}},"loc":{"start":{"line":47,"column":59},"end":{"line":54,"column":1}}},"7":{"name":"(anonymous_8)","decl":{"start":{"line":57,"column":30},"end":{"line":57,"column":31}},"loc":{"start":{"line":57,"column":51},"end":{"line":60,"column":1}}}},"branchMap":{"0":{"loc":{"start":{"line":50,"column":4},"end":{"line":52,"column":null}},"type":"if","locations":[{"start":{"line":50,"column":4},"end":{"line":52,"column":null}}]}},"s":{"0":1,"1":1,"2":1,"3":1,"4":0,"5":0,"6":1,"7":1,"8":0,"9":0,"10":1,"11":1,"12":1,"13":1,"14":1,"15":1,"16":1,"17":1,"18":1,"19":1,"20":0,"21":0,"22":1,"23":1,"24":5,"25":5,"26":5,"27":1,"28":1,"29":0,"30":0,"31":0,"32":0,"33":1,"34":1,"35":0,"36":0,"37":1},"f":{"0":0,"1":0,"2":1,"3":1,"4":0,"5":5,"6":0,"7":0},"b":{"0":[0]}}
,"C:\\Users\\dor01\\OneDrive\\Bureau\\_CONCORDIA\\Team Projects\\SOEN390-myCOVIDtracker\\SOEN390\\Backend\\source\\repositories\\patient.ts": {"path":"C:\\Users\\dor01\\OneDrive\\Bureau\\_CONCORDIA\\Team Projects\\SOEN390-myCOVIDtracker\\SOEN390\\Backend\\source\\repositories\\patient.ts","statementMap":{"0":{"start":{"line":3,"column":0},"end":{"line":3,"column":52}},"1":{"start":{"line":4,"column":0},"end":{"line":4,"column":40}},"2":{"start":{"line":6,"column":18},"end":{"line":6,"column":38}},"3":{"start":{"line":10,"column":19},"end":{"line":13,"column":1}},"4":{"start":{"line":11,"column":18},"end":{"line":11,"column":90}},"5":{"start":{"line":12,"column":4},"end":{"line":12,"column":32}},"6":{"start":{"line":52,"column":4},"end":{"line":52,"column":14}},"7":{"start":{"line":16,"column":25},"end":{"line":19,"column":1}},"8":{"start":{"line":17,"column":18},"end":{"line":17,"column":68}},"9":{"start":{"line":18,"column":4},"end":{"line":18,"column":32}},"10":{"start":{"line":53,"column":4},"end":{"line":53,"column":20}},"11":{"start":{"line":22,"column":38},"end":{"line":26,"column":1}},"12":{"start":{"line":23,"column":18},"end":{"line":23,"column":82}},"13":{"start":{"line":24,"column":6},"end":{"line":24,"column":48}},"14":{"start":{"line":25,"column":4},"end":{"line":25,"column":56}},"15":{"start":{"line":54,"column":4},"end":{"line":54,"column":33}},"16":{"start":{"line":29,"column":18},"end":{"line":34,"column":1}},"17":{"start":{"line":30,"column":18},"end":{"line":32,"column":132}},"18":{"start":{"line":33,"column":4},"end":{"line":33,"column":32}},"19":{"start":{"line":55,"column":4},"end":{"line":55,"column":13}},"20":{"start":{"line":36,"column":23},"end":{"line":39,"column":1}},"21":{"start":{"line":37,"column":18},"end":{"line":37,"column":84}},"22":{"start":{"line":38,"column":4},"end":{"line":38,"column":70}},"23":{"start":{"line":57,"column":4},"end":{"line":57,"column":18}},"24":{"start":{"line":41,"column":25},"end":{"line":44,"column":1}},"25":{"start":{"line":42,"column":18},"end":{"line":42,"column":82}},"26":{"start":{"line":43,"column":4},"end":{"line":43,"column":64}},"27":{"start":{"line":58,"column":4},"end":{"line":58,"column":20}},"28":{"start":{"line":46,"column":23},"end":{"line":49,"column":1}},"29":{"start":{"line":47,"column":18},"end":{"line":47,"column":100}},"30":{"start":{"line":48,"column":4},"end":{"line":48,"column":32}},"31":{"start":{"line":59,"column":4},"end":{"line":59,"column":18}}},"fnMap":{"0":{"name":"(anonymous_1)","decl":{"start":{"line":10,"column":19},"end":{"line":10,"column":20}},"loc":{"start":{"line":10,"column":40},"end":{"line":13,"column":1}}},"1":{"name":"(anonymous_2)","decl":{"start":{"line":16,"column":25},"end":{"line":16,"column":26}},"loc":{"start":{"line":16,"column":46},"end":{"line":19,"column":1}}},"2":{"name":"(anonymous_3)","decl":{"start":{"line":22,"column":38},"end":{"line":22,"column":39}},"loc":{"start":{"line":22,"column":60},"end":{"line":26,"column":1}}},"3":{"name":"(anonymous_4)","decl":{"start":{"line":29,"column":18},"end":{"line":29,"column":19}},"loc":{"start":{"line":29,"column":39},"end":{"line":34,"column":1}}},"4":{"name":"(anonymous_5)","decl":{"start":{"line":36,"column":23},"end":{"line":36,"column":24}},"loc":{"start":{"line":36,"column":45},"end":{"line":39,"column":1}}},"5":{"name":"(anonymous_6)","decl":{"start":{"line":41,"column":25},"end":{"line":41,"column":26}},"loc":{"start":{"line":41,"column":47},"end":{"line":44,"column":1}}},"6":{"name":"(anonymous_7)","decl":{"start":{"line":46,"column":23},"end":{"line":46,"column":24}},"loc":{"start":{"line":46,"column":67},"end":{"line":49,"column":1}}}},"branchMap":{},"s":{"0":1,"1":1,"2":1,"3":1,"4":1,"5":1,"6":1,"7":1,"8":0,"9":0,"10":1,"11":1,"12":5,"13":5,"14":5,"15":1,"16":1,"17":0,"18":0,"19":1,"20":1,"21":1,"22":1,"23":1,"24":1,"25":0,"26":0,"27":1,"28":1,"29":1,"30":1,"31":1},"f":{"0":1,"1":0,"2":5,"3":0,"4":1,"5":0,"6":1},"b":{}}
,"C:\\Users\\dor01\\OneDrive\\Bureau\\_CONCORDIA\\Team Projects\\SOEN390-myCOVIDtracker\\SOEN390\\Backend\\source\\services\\account.ts": {"path":"C:\\Users\\dor01\\OneDrive\\Bureau\\_CONCORDIA\\Team Projects\\SOEN390-myCOVIDtracker\\SOEN390\\Backend\\source\\services\\account.ts","statementMap":{"0":{"start":{"line":13,"column":0},"end":{"line":13,"column":53}},"1":{"start":{"line":14,"column":0},"end":{"line":14,"column":32}},"2":{"start":{"line":15,"column":0},"end":{"line":15,"column":40}},"3":{"start":{"line":16,"column":0},"end":{"line":16,"column":50}},"4":{"start":{"line":18,"column":18},"end":{"line":18,"column":35}},"5":{"start":{"line":21,"column":22},"end":{"line":54,"column":null}},"6":{"start":{"line":21,"column":50},"end":{"line":54,"column":null}},"7":{"start":{"line":23,"column":8},"end":{"line":25,"column":null}},"8":{"start":{"line":24,"column":16},"end":{"line":24,"column":null}},"9":{"start":{"line":26,"column":8},"end":{"line":28,"column":null}},"10":{"start":{"line":27,"column":16},"end":{"line":27,"column":null}},"11":{"start":{"line":30,"column":26},"end":{"line":30,"column":70}},"12":{"start":{"line":31,"column":8},"end":{"line":53,"column":null}},"13":{"start":{"line":32,"column":16},"end":{"line":32,"column":89}},"14":{"start":{"line":33,"column":16},"end":{"line":33,"column":null}},"15":{"start":{"line":36,"column":16},"end":{"line":52,"column":null}},"16":{"start":{"line":38,"column":24},"end":{"line":38,"column":44}},"17":{"start":{"line":40,"column":24},"end":{"line":47,"column":null}},"18":{"start":{"line":42,"column":32},"end":{"line":42,"column":91}},"19":{"start":{"line":45,"column":32},"end":{"line":45,"column":89}},"20":{"start":{"line":46,"column":32},"end":{"line":46,"column":46}},"21":{"start":{"line":50,"column":24},"end":{"line":50,"column":81}},"22":{"start":{"line":51,"column":24},"end":{"line":51,"column":38}},"23":{"start":{"line":185,"column":8},"end":{"line":185,"column":21}},"24":{"start":{"line":57,"column":27},"end":{"line":93,"column":null}},"25":{"start":{"line":57,"column":55},"end":{"line":93,"column":null}},"26":{"start":{"line":59,"column":8},"end":{"line":61,"column":null}},"27":{"start":{"line":60,"column":16},"end":{"line":60,"column":null}},"28":{"start":{"line":62,"column":8},"end":{"line":64,"column":null}},"29":{"start":{"line":63,"column":16},"end":{"line":63,"column":null}},"30":{"start":{"line":65,"column":8},"end":{"line":67,"column":null}},"31":{"start":{"line":66,"column":16},"end":{"line":66,"column":null}},"32":{"start":{"line":69,"column":21},"end":{"line":69,"column":65}},"33":{"start":{"line":70,"column":8},"end":{"line":92,"column":null}},"34":{"start":{"line":71,"column":16},"end":{"line":71,"column":71}},"35":{"start":{"line":72,"column":16},"end":{"line":72,"column":49}},"36":{"start":{"line":75,"column":16},"end":{"line":91,"column":null}},"37":{"start":{"line":77,"column":24},"end":{"line":77,"column":44}},"38":{"start":{"line":79,"column":24},"end":{"line":86,"column":null}},"39":{"start":{"line":81,"column":32},"end":{"line":81,"column":91}},"40":{"start":{"line":84,"column":32},"end":{"line":84,"column":89}},"41":{"start":{"line":85,"column":32},"end":{"line":85,"column":46}},"42":{"start":{"line":89,"column":24},"end":{"line":89,"column":81}},"43":{"start":{"line":90,"column":24},"end":{"line":90,"column":38}},"44":{"start":{"line":186,"column":8},"end":{"line":186,"column":26}},"45":{"start":{"line":96,"column":21},"end":{"line":115,"column":null}},"46":{"start":{"line":96,"column":49},"end":{"line":115,"column":null}},"47":{"start":{"line":97,"column":8},"end":{"line":99,"column":null}},"48":{"start":{"line":98,"column":16},"end":{"line":98,"column":null}},"49":{"start":{"line":100,"column":8},"end":{"line":102,"column":null}},"50":{"start":{"line":101,"column":16},"end":{"line":101,"column":null}},"51":{"start":{"line":104,"column":21},"end":{"line":104,"column":65}},"52":{"start":{"line":105,"column":8},"end":{"line":107,"column":null}},"53":{"start":{"line":106,"column":16},"end":{"line":106,"column":58}},"54":{"start":{"line":109,"column":23},"end":{"line":112,"column":10}},"55":{"start":{"line":110,"column":16},"end":{"line":110,"column":81}},"56":{"start":{"line":111,"column":16},"end":{"line":111,"column":31}},"57":{"start":{"line":113,"column":8},"end":{"line":113,"column":54}},"58":{"start":{"line":114,"column":8},"end":{"line":114,"column":22}},"59":{"start":{"line":183,"column":8},"end":{"line":183,"column":20}},"60":{"start":{"line":118,"column":26},"end":{"line":139,"column":null}},"61":{"start":{"line":118,"column":54},"end":{"line":139,"column":null}},"62":{"start":{"line":119,"column":8},"end":{"line":121,"column":null}},"63":{"start":{"line":120,"column":16},"end":{"line":120,"column":null}},"64":{"start":{"line":122,"column":8},"end":{"line":124,"column":null}},"65":{"start":{"line":123,"column":16},"end":{"line":123,"column":null}},"66":{"start":{"line":126,"column":21},"end":{"line":126,"column":65}},"67":{"start":{"line":127,"column":8},"end":{"line":129,"column":null}},"68":{"start":{"line":128,"column":16},"end":{"line":128,"column":58}},"69":{"start":{"line":130,"column":8},"end":{"line":132,"column":null}},"70":{"start":{"line":131,"column":16},"end":{"line":131,"column":56}},"71":{"start":{"line":133,"column":23},"end":{"line":136,"column":10}},"72":{"start":{"line":134,"column":16},"end":{"line":134,"column":74}},"73":{"start":{"line":135,"column":16},"end":{"line":135,"column":31}},"74":{"start":{"line":137,"column":8},"end":{"line":137,"column":54}},"75":{"start":{"line":138,"column":8},"end":{"line":138,"column":22}},"76":{"start":{"line":184,"column":8},"end":{"line":184,"column":25}},"77":{"start":{"line":142,"column":22},"end":{"line":153,"column":null}},"78":{"start":{"line":142,"column":50},"end":{"line":153,"column":null}},"79":{"start":{"line":144,"column":8},"end":{"line":146,"column":null}},"80":{"start":{"line":145,"column":16},"end":{"line":145,"column":null}},"81":{"start":{"line":148,"column":23},"end":{"line":148,"column":67}},"82":{"start":{"line":149,"column":8},"end":{"line":151,"column":null}},"83":{"start":{"line":150,"column":16},"end":{"line":150,"column":null}},"84":{"start":{"line":152,"column":8},"end":{"line":152,"column":63}},"85":{"start":{"line":190,"column":8},"end":{"line":190,"column":21}},"86":{"start":{"line":156,"column":19},"end":{"line":172,"column":null}},"87":{"start":{"line":156,"column":47},"end":{"line":172,"column":null}},"88":{"start":{"line":158,"column":8},"end":{"line":171,"column":null}},"89":{"start":{"line":159,"column":16},"end":{"line":159,"column":49}},"90":{"start":{"line":162,"column":32},"end":{"line":162,"column":76}},"91":{"start":{"line":164,"column":16},"end":{"line":166,"column":null}},"92":{"start":{"line":165,"column":24},"end":{"line":165,"column":57}},"93":{"start":{"line":167,"column":16},"end":{"line":169,"column":null}},"94":{"start":{"line":168,"column":24},"end":{"line":168,"column":null}},"95":{"start":{"line":170,"column":16},"end":{"line":170,"column":31}},"96":{"start":{"line":187,"column":8},"end":{"line":187,"column":18}},"97":{"start":{"line":174,"column":27},"end":{"line":176,"column":null}},"98":{"start":{"line":174,"column":38},"end":{"line":176,"column":null}},"99":{"start":{"line":175,"column":8},"end":{"line":175,"column":51}},"100":{"start":{"line":188,"column":8},"end":{"line":188,"column":26}},"101":{"start":{"line":178,"column":26},"end":{"line":180,"column":null}},"102":{"start":{"line":178,"column":37},"end":{"line":180,"column":null}},"103":{"start":{"line":179,"column":8},"end":{"line":179,"column":50}},"104":{"start":{"line":189,"column":8},"end":{"line":189,"column":25}}},"fnMap":{"0":{"name":"(anonymous_14)","decl":{"start":{"line":21,"column":22},"end":{"line":21,"column":29}},"loc":{"start":{"line":21,"column":50},"end":{"line":54,"column":null}}},"1":{"name":"(anonymous_15)","decl":{"start":{"line":21,"column":50},"end":{"line":21,"column":null}},"loc":{"start":{"line":21,"column":50},"end":{"line":54,"column":1}}},"2":{"name":"(anonymous_16)","decl":{"start":{"line":37,"column":22},"end":{"line":37,"column":23}},"loc":{"start":{"line":37,"column":39},"end":{"line":48,"column":17}}},"3":{"name":"(anonymous_17)","decl":{"start":{"line":41,"column":30},"end":{"line":41,"column":33}},"loc":{"start":{"line":41,"column":35},"end":{"line":43,"column":25}}},"4":{"name":"(anonymous_18)","decl":{"start":{"line":44,"column":31},"end":{"line":44,"column":32}},"loc":{"start":{"line":44,"column":41},"end":{"line":47,"column":25}}},"5":{"name":"(anonymous_19)","decl":{"start":{"line":49,"column":23},"end":{"line":49,"column":24}},"loc":{"start":{"line":49,"column":33},"end":{"line":52,"column":17}}},"6":{"name":"(anonymous_20)","decl":{"start":{"line":57,"column":27},"end":{"line":57,"column":34}},"loc":{"start":{"line":57,"column":55},"end":{"line":93,"column":null}}},"7":{"name":"(anonymous_21)","decl":{"start":{"line":57,"column":55},"end":{"line":57,"column":null}},"loc":{"start":{"line":57,"column":55},"end":{"line":93,"column":1}}},"8":{"name":"(anonymous_22)","decl":{"start":{"line":76,"column":22},"end":{"line":76,"column":23}},"loc":{"start":{"line":76,"column":39},"end":{"line":87,"column":17}}},"9":{"name":"(anonymous_23)","decl":{"start":{"line":80,"column":30},"end":{"line":80,"column":33}},"loc":{"start":{"line":80,"column":35},"end":{"line":82,"column":25}}},"10":{"name":"(anonymous_24)","decl":{"start":{"line":83,"column":31},"end":{"line":83,"column":32}},"loc":{"start":{"line":83,"column":41},"end":{"line":86,"column":25}}},"11":{"name":"(anonymous_25)","decl":{"start":{"line":88,"column":23},"end":{"line":88,"column":24}},"loc":{"start":{"line":88,"column":33},"end":{"line":91,"column":17}}},"12":{"name":"(anonymous_26)","decl":{"start":{"line":96,"column":21},"end":{"line":96,"column":28}},"loc":{"start":{"line":96,"column":49},"end":{"line":115,"column":null}}},"13":{"name":"(anonymous_27)","decl":{"start":{"line":96,"column":49},"end":{"line":96,"column":null}},"loc":{"start":{"line":96,"column":49},"end":{"line":115,"column":1}}},"14":{"name":"(anonymous_28)","decl":{"start":{"line":109,"column":91},"end":{"line":109,"column":92}},"loc":{"start":{"line":109,"column":112},"end":{"line":112,"column":9}}},"15":{"name":"(anonymous_29)","decl":{"start":{"line":118,"column":26},"end":{"line":118,"column":33}},"loc":{"start":{"line":118,"column":54},"end":{"line":139,"column":null}}},"16":{"name":"(anonymous_30)","decl":{"start":{"line":118,"column":54},"end":{"line":118,"column":null}},"loc":{"start":{"line":118,"column":54},"end":{"line":139,"column":1}}},"17":{"name":"(anonymous_31)","decl":{"start":{"line":133,"column":91},"end":{"line":133,"column":92}},"loc":{"start":{"line":133,"column":112},"end":{"line":136,"column":9}}},"18":{"name":"(anonymous_32)","decl":{"start":{"line":142,"column":22},"end":{"line":142,"column":29}},"loc":{"start":{"line":142,"column":50},"end":{"line":153,"column":null}}},"19":{"name":"(anonymous_33)","decl":{"start":{"line":142,"column":50},"end":{"line":142,"column":null}},"loc":{"start":{"line":142,"column":50},"end":{"line":153,"column":1}}},"20":{"name":"(anonymous_34)","decl":{"start":{"line":156,"column":19},"end":{"line":156,"column":26}},"loc":{"start":{"line":156,"column":47},"end":{"line":172,"column":null}}},"21":{"name":"(anonymous_35)","decl":{"start":{"line":156,"column":47},"end":{"line":156,"column":null}},"loc":{"start":{"line":156,"column":47},"end":{"line":172,"column":1}}},"22":{"name":"(anonymous_36)","decl":{"start":{"line":174,"column":27},"end":{"line":174,"column":36}},"loc":{"start":{"line":174,"column":38},"end":{"line":176,"column":null}}},"23":{"name":"(anonymous_37)","decl":{"start":{"line":174,"column":38},"end":{"line":174,"column":null}},"loc":{"start":{"line":174,"column":38},"end":{"line":176,"column":1}}},"24":{"name":"(anonymous_38)","decl":{"start":{"line":178,"column":26},"end":{"line":178,"column":35}},"loc":{"start":{"line":178,"column":37},"end":{"line":180,"column":null}}},"25":{"name":"(anonymous_39)","decl":{"start":{"line":178,"column":37},"end":{"line":178,"column":null}},"loc":{"start":{"line":178,"column":37},"end":{"line":180,"column":1}}}},"branchMap":{"0":{"loc":{"start":{"line":23,"column":8},"end":{"line":25,"column":null}},"type":"if","locations":[{"start":{"line":23,"column":8},"end":{"line":25,"column":null}}]},"1":{"loc":{"start":{"line":23,"column":12},"end":{"line":23,"column":74}},"type":"binary-expr","locations":[{"start":{"line":23,"column":12},"end":{"line":23,"column":34}},{"start":{"line":23,"column":38},"end":{"line":23,"column":55}},{"start":{"line":23,"column":59},"end":{"line":23,"column":74}}]},"2":{"loc":{"start":{"line":26,"column":8},"end":{"line":28,"column":null}},"type":"if","locations":[{"start":{"line":26,"column":8},"end":{"line":28,"column":null}}]},"3":{"loc":{"start":{"line":26,"column":12},"end":{"line":26,"column":83}},"type":"binary-expr","locations":[{"start":{"line":26,"column":12},"end":{"line":26,"column":37}},{"start":{"line":26,"column":41},"end":{"line":26,"column":61}},{"start":{"line":26,"column":65},"end":{"line":26,"column":83}}]},"4":{"loc":{"start":{"line":31,"column":8},"end":{"line":53,"column":null}},"type":"if","locations":[{"start":{"line":31,"column":8},"end":{"line":53,"column":null}},{"start":{"line":34,"column":15},"end":{"line":53,"column":null}}]},"5":{"loc":{"start":{"line":59,"column":8},"end":{"line":61,"column":null}},"type":"if","locations":[{"start":{"line":59,"column":8},"end":{"line":61,"column":null}}]},"6":{"loc":{"start":{"line":59,"column":12},"end":{"line":59,"column":74}},"type":"binary-expr","locations":[{"start":{"line":59,"column":12},"end":{"line":59,"column":34}},{"start":{"line":59,"column":38},"end":{"line":59,"column":55}},{"start":{"line":59,"column":59},"end":{"line":59,"column":74}}]},"7":{"loc":{"start":{"line":62,"column":8},"end":{"line":64,"column":null}},"type":"if","locations":[{"start":{"line":62,"column":8},"end":{"line":64,"column":null}}]},"8":{"loc":{"start":{"line":62,"column":12},"end":{"line":62,"column":83}},"type":"binary-expr","locations":[{"start":{"line":62,"column":12},"end":{"line":62,"column":37}},{"start":{"line":62,"column":41},"end":{"line":62,"column":61}},{"start":{"line":62,"column":65},"end":{"line":62,"column":83}}]},"9":{"loc":{"start":{"line":65,"column":8},"end":{"line":67,"column":null}},"type":"if","locations":[{"start":{"line":65,"column":8},"end":{"line":67,"column":null}}]},"10":{"loc":{"start":{"line":65,"column":12},"end":{"line":65,"column":61}},"type":"binary-expr","locations":[{"start":{"line":65,"column":12},"end":{"line":65,"column":37}},{"start":{"line":65,"column":41},"end":{"line":65,"column":61}}]},"11":{"loc":{"start":{"line":70,"column":8},"end":{"line":92,"column":null}},"type":"if","locations":[{"start":{"line":70,"column":8},"end":{"line":92,"column":null}},{"start":{"line":73,"column":15},"end":{"line":92,"column":null}}]},"12":{"loc":{"start":{"line":97,"column":8},"end":{"line":99,"column":null}},"type":"if","locations":[{"start":{"line":97,"column":8},"end":{"line":99,"column":null}}]},"13":{"loc":{"start":{"line":97,"column":12},"end":{"line":97,"column":74}},"type":"binary-expr","locations":[{"start":{"line":97,"column":12},"end":{"line":97,"column":34}},{"start":{"line":97,"column":38},"end":{"line":97,"column":55}},{"start":{"line":97,"column":59},"end":{"line":97,"column":74}}]},"14":{"loc":{"start":{"line":100,"column":8},"end":{"line":102,"column":null}},"type":"if","locations":[{"start":{"line":100,"column":8},"end":{"line":102,"column":null}}]},"15":{"loc":{"start":{"line":100,"column":12},"end":{"line":100,"column":83}},"type":"binary-expr","locations":[{"start":{"line":100,"column":12},"end":{"line":100,"column":37}},{"start":{"line":100,"column":41},"end":{"line":100,"column":61}},{"start":{"line":100,"column":65},"end":{"line":100,"column":83}}]},"16":{"loc":{"start":{"line":105,"column":8},"end":{"line":107,"column":null}},"type":"if","locations":[{"start":{"line":105,"column":8},"end":{"line":107,"column":null}}]},"17":{"loc":{"start":{"line":110,"column":57},"end":{"line":110,"column":79}},"type":"cond-expr","locations":[{"start":{"line":110,"column":65},"end":{"line":110,"column":71}},{"start":{"line":110,"column":72},"end":{"line":110,"column":79}}]},"18":{"loc":{"start":{"line":119,"column":8},"end":{"line":121,"column":null}},"type":"if","locations":[{"start":{"line":119,"column":8},"end":{"line":121,"column":null}}]},"19":{"loc":{"start":{"line":119,"column":12},"end":{"line":119,"column":74}},"type":"binary-expr","locations":[{"start":{"line":119,"column":12},"end":{"line":119,"column":34}},{"start":{"line":119,"column":38},"end":{"line":119,"column":55}},{"start":{"line":119,"column":59},"end":{"line":119,"column":74}}]},"20":{"loc":{"start":{"line":122,"column":8},"end":{"line":124,"column":null}},"type":"if","locations":[{"start":{"line":122,"column":8},"end":{"line":124,"column":null}}]},"21":{"loc":{"start":{"line":122,"column":12},"end":{"line":122,"column":83}},"type":"binary-expr","locations":[{"start":{"line":122,"column":12},"end":{"line":122,"column":37}},{"start":{"line":122,"column":41},"end":{"line":122,"column":61}},{"start":{"line":122,"column":65},"end":{"line":122,"column":83}}]},"22":{"loc":{"start":{"line":127,"column":8},"end":{"line":129,"column":null}},"type":"if","locations":[{"start":{"line":127,"column":8},"end":{"line":129,"column":null}}]},"23":{"loc":{"start":{"line":130,"column":8},"end":{"line":132,"column":null}},"type":"if","locations":[{"start":{"line":130,"column":8},"end":{"line":132,"column":null}}]},"24":{"loc":{"start":{"line":144,"column":8},"end":{"line":146,"column":null}},"type":"if","locations":[{"start":{"line":144,"column":8},"end":{"line":146,"column":null}}]},"25":{"loc":{"start":{"line":144,"column":12},"end":{"line":144,"column":74}},"type":"binary-expr","locations":[{"start":{"line":144,"column":12},"end":{"line":144,"column":34}},{"start":{"line":144,"column":38},"end":{"line":144,"column":55}},{"start":{"line":144,"column":59},"end":{"line":144,"column":74}}]},"26":{"loc":{"start":{"line":149,"column":8},"end":{"line":151,"column":null}},"type":"if","locations":[{"start":{"line":149,"column":8},"end":{"line":151,"column":null}}]},"27":{"loc":{"start":{"line":158,"column":8},"end":{"line":171,"column":null}},"type":"if","locations":[{"start":{"line":158,"column":8},"end":{"line":171,"column":null}},{"start":{"line":161,"column":13},"end":{"line":171,"column":null}}]},"28":{"loc":{"start":{"line":158,"column":12},"end":{"line":158,"column":56}},"type":"binary-expr","locations":[{"start":{"line":158,"column":12},"end":{"line":158,"column":30}},{"start":{"line":158,"column":34},"end":{"line":158,"column":56}}]},"29":{"loc":{"start":{"line":164,"column":16},"end":{"line":166,"column":null}},"type":"if","locations":[{"start":{"line":164,"column":16},"end":{"line":166,"column":null}}]},"30":{"loc":{"start":{"line":164,"column":20},"end":{"line":164,"column":82}},"type":"binary-expr","locations":[{"start":{"line":164,"column":20},"end":{"line":164,"column":42}},{"start":{"line":164,"column":46},"end":{"line":164,"column":63}},{"start":{"line":164,"column":67},"end":{"line":164,"column":82}}]},"31":{"loc":{"start":{"line":167,"column":16},"end":{"line":169,"column":null}},"type":"if","locations":[{"start":{"line":167,"column":16},"end":{"line":169,"column":null}}]}},"s":{"0":1,"1":1,"2":1,"3":1,"4":1,"5":1,"6":2,"7":2,"8":0,"9":2,"10":0,"11":2,"12":2,"13":1,"14":1,"15":1,"16":0,"17":0,"18":0,"19":0,"20":0,"21":0,"22":0,"23":1,"24":1,"25":0,"26":0,"27":0,"28":0,"29":0,"30":0,"31":0,"32":0,"33":0,"34":0,"35":0,"36":0,"37":0,"38":0,"39":0,"40":0,"41":0,"42":0,"43":0,"44":1,"45":1,"46":2,"47":2,"48":0,"49":2,"50":0,"51":2,"52":2,"53":2,"54":0,"55":0,"56":0,"57":0,"58":0,"59":1,"60":1,"61":0,"62":0,"63":0,"64":0,"65":0,"66":0,"67":0,"68":0,"69":0,"70":0,"71":0,"72":0,"73":0,"74":0,"75":0,"76":1,"77":1,"78":1,"79":1,"80":0,"81":1,"82":1,"83":1,"84":0,"85":1,"86":1,"87":0,"88":0,"89":0,"90":0,"91":0,"92":0,"93":0,"94":0,"95":0,"96":1,"97":1,"98":0,"99":0,"100":1,"101":1,"102":0,"103":0,"104":1},"f":{"0":2,"1":2,"2":0,"3":0,"4":0,"5":0,"6":0,"7":0,"8":0,"9":0,"10":0,"11":0,"12":2,"13":2,"14":0,"15":0,"16":0,"17":0,"18":1,"19":1,"20":0,"21":0,"22":0,"23":0,"24":0,"25":0},"b":{"0":[0],"1":[2,2,2],"2":[0],"3":[2,2,2],"4":[1,1],"5":[0],"6":[0,0,0],"7":[0],"8":[0,0,0],"9":[0],"10":[0,0],"11":[0,0],"12":[0],"13":[2,2,2],"14":[0],"15":[2,2,2],"16":[2],"17":[0,0],"18":[0],"19":[0,0,0],"20":[0],"21":[0,0,0],"22":[0],"23":[0],"24":[0],"25":[1,1,1],"26":[1],"27":[0,0],"28":[0,0],"29":[0],"30":[0,0,0],"31":[0]}}
,"C:\\Users\\dor01\\OneDrive\\Bureau\\_CONCORDIA\\Team Projects\\SOEN390-myCOVIDtracker\\SOEN390\\Backend\\source\\services\\appointment.ts": {"path":"C:\\Users\\dor01\\OneDrive\\Bureau\\_CONCORDIA\\Team Projects\\SOEN390-myCOVIDtracker\\SOEN390\\Backend\\source\\services\\appointment.ts","statementMap":{"0":{"start":{"line":3,"column":0},"end":{"line":3,"column":59}},"1":{"start":{"line":8,"column":18},"end":{"line":8,"column":39}},"2":{"start":{"line":13,"column":26},"end":{"line":17,"column":1}},"3":{"start":{"line":15,"column":8},"end":{"line":15,"column":50}},"4":{"start":{"line":43,"column":8},"end":{"line":43,"column":25}},"5":{"start":{"line":20,"column":24},"end":{"line":24,"column":1}},"6":{"start":{"line":22,"column":8},"end":{"line":22,"column":48}},"7":{"start":{"line":44,"column":8},"end":{"line":44,"column":23}},"8":{"start":{"line":27,"column":26},"end":{"line":40,"column":null}},"9":{"start":{"line":27,"column":58},"end":{"line":40,"column":null}},"10":{"start":{"line":29,"column":32},"end":{"line":29,"column":79}},"11":{"start":{"line":31,"column":8},"end":{"line":38,"column":null}},"12":{"start":{"line":32,"column":16},"end":{"line":32,"column":29}},"13":{"start":{"line":35,"column":41},"end":{"line":35,"column":81}},"14":{"start":{"line":36,"column":16},"end":{"line":36,"column":28}},"15":{"start":{"line":45,"column":8},"end":{"line":45,"column":25}}},"fnMap":{"0":{"name":"(anonymous_13)","decl":{"start":{"line":13,"column":26},"end":{"line":13,"column":27}},"loc":{"start":{"line":13,"column":52},"end":{"line":17,"column":1}}},"1":{"name":"(anonymous_14)","decl":{"start":{"line":20,"column":24},"end":{"line":20,"column":25}},"loc":{"start":{"line":20,"column":50},"end":{"line":24,"column":1}}},"2":{"name":"(anonymous_15)","decl":{"start":{"line":27,"column":26},"end":{"line":27,"column":33}},"loc":{"start":{"line":27,"column":58},"end":{"line":40,"column":null}}},"3":{"name":"(anonymous_16)","decl":{"start":{"line":27,"column":58},"end":{"line":27,"column":null}},"loc":{"start":{"line":27,"column":58},"end":{"line":40,"column":1}}}},"branchMap":{"0":{"loc":{"start":{"line":31,"column":8},"end":{"line":38,"column":null}},"type":"if","locations":[{"start":{"line":31,"column":8},"end":{"line":38,"column":null}},{"start":{"line":33,"column":14},"end":{"line":38,"column":null}}]}},"s":{"0":1,"1":1,"2":1,"3":0,"4":1,"5":1,"6":0,"7":1,"8":1,"9":2,"10":2,"11":2,"12":2,"13":0,"14":0,"15":1},"f":{"0":0,"1":0,"2":2,"3":2},"b":{"0":[2,0]}}
,"C:\\Users\\dor01\\OneDrive\\Bureau\\_CONCORDIA\\Team Projects\\SOEN390-myCOVIDtracker\\SOEN390\\Backend\\source\\services\\doctor.ts": {"path":"C:\\Users\\dor01\\OneDrive\\Bureau\\_CONCORDIA\\Team Projects\\SOEN390-myCOVIDtracker\\SOEN390\\Backend\\source\\services\\doctor.ts","statementMap":{"0":{"start":{"line":13,"column":0},"end":{"line":13,"column":51}},"1":{"start":{"line":14,"column":0},"end":{"line":14,"column":40}},"2":{"start":{"line":17,"column":18},"end":{"line":17,"column":35}},"3":{"start":{"line":19,"column":26},"end":{"line":21,"column":2}},"4":{"start":{"line":19,"column":37},"end":{"line":21,"column":2}},"5":{"start":{"line":20,"column":4},"end":{"line":20,"column":45}},"6":{"start":{"line":81,"column":9},"end":{"line":81,"column":26}},"7":{"start":{"line":23,"column":24},"end":{"line":25,"column":2}},"8":{"start":{"line":23,"column":35},"end":{"line":25,"column":2}},"9":{"start":{"line":24,"column":4},"end":{"line":24,"column":38}},"10":{"start":{"line":81,"column":28},"end":{"line":81,"column":43}},"11":{"start":{"line":27,"column":35},"end":{"line":36,"column":2}},"12":{"start":{"line":27,"column":62},"end":{"line":36,"column":2}},"13":{"start":{"line":29,"column":19},"end":{"line":29,"column":71}},"14":{"start":{"line":30,"column":4},"end":{"line":35,"column":null}},"15":{"start":{"line":31,"column":8},"end":{"line":31,"column":60}},"16":{"start":{"line":33,"column":8},"end":{"line":33,"column":71}},"17":{"start":{"line":34,"column":8},"end":{"line":34,"column":43}},"18":{"start":{"line":81,"column":45},"end":{"line":81,"column":71}},"19":{"start":{"line":38,"column":31},"end":{"line":47,"column":2}},"20":{"start":{"line":38,"column":58},"end":{"line":47,"column":2}},"21":{"start":{"line":40,"column":19},"end":{"line":40,"column":71}},"22":{"start":{"line":41,"column":4},"end":{"line":46,"column":null}},"23":{"start":{"line":42,"column":8},"end":{"line":42,"column":56}},"24":{"start":{"line":44,"column":8},"end":{"line":44,"column":71}},"25":{"start":{"line":45,"column":8},"end":{"line":45,"column":43}},"26":{"start":{"line":81,"column":73},"end":{"line":81,"column":95}},"27":{"start":{"line":49,"column":23},"end":{"line":58,"column":2}},"28":{"start":{"line":49,"column":58},"end":{"line":58,"column":2}},"29":{"start":{"line":51,"column":19},"end":{"line":51,"column":75}},"30":{"start":{"line":52,"column":4},"end":{"line":57,"column":null}},"31":{"start":{"line":53,"column":8},"end":{"line":53,"column":52}},"32":{"start":{"line":55,"column":8},"end":{"line":55,"column":71}},"33":{"start":{"line":56,"column":8},"end":{"line":56,"column":43}},"34":{"start":{"line":81,"column":97},"end":{"line":81,"column":111}},"35":{"start":{"line":60,"column":33},"end":{"line":69,"column":2}},"36":{"start":{"line":60,"column":68},"end":{"line":69,"column":2}},"37":{"start":{"line":62,"column":19},"end":{"line":62,"column":75}},"38":{"start":{"line":63,"column":4},"end":{"line":68,"column":null}},"39":{"start":{"line":64,"column":8},"end":{"line":64,"column":62}},"40":{"start":{"line":66,"column":8},"end":{"line":66,"column":71}},"41":{"start":{"line":67,"column":8},"end":{"line":67,"column":43}},"42":{"start":{"line":81,"column":113},"end":{"line":81,"column":137}},"43":{"start":{"line":71,"column":30},"end":{"line":80,"column":2}},"44":{"start":{"line":71,"column":57},"end":{"line":80,"column":2}},"45":{"start":{"line":73,"column":19},"end":{"line":73,"column":71}},"46":{"start":{"line":74,"column":4},"end":{"line":79,"column":null}},"47":{"start":{"line":75,"column":8},"end":{"line":75,"column":55}},"48":{"start":{"line":77,"column":8},"end":{"line":77,"column":71}},"49":{"start":{"line":78,"column":8},"end":{"line":78,"column":43}},"50":{"start":{"line":81,"column":139},"end":{"line":81,"column":160}}},"fnMap":{"0":{"name":"(anonymous_14)","decl":{"start":{"line":19,"column":26},"end":{"line":19,"column":35}},"loc":{"start":{"line":19,"column":37},"end":{"line":21,"column":2}}},"1":{"name":"(anonymous_15)","decl":{"start":{"line":19,"column":37},"end":{"line":19,"column":null}},"loc":{"start":{"line":19,"column":37},"end":{"line":21,"column":1}}},"2":{"name":"(anonymous_16)","decl":{"start":{"line":23,"column":24},"end":{"line":23,"column":33}},"loc":{"start":{"line":23,"column":35},"end":{"line":25,"column":2}}},"3":{"name":"(anonymous_17)","decl":{"start":{"line":23,"column":35},"end":{"line":23,"column":null}},"loc":{"start":{"line":23,"column":35},"end":{"line":25,"column":1}}},"4":{"name":"(anonymous_18)","decl":{"start":{"line":27,"column":35},"end":{"line":27,"column":42}},"loc":{"start":{"line":27,"column":62},"end":{"line":36,"column":2}}},"5":{"name":"(anonymous_19)","decl":{"start":{"line":27,"column":62},"end":{"line":27,"column":null}},"loc":{"start":{"line":27,"column":62},"end":{"line":36,"column":1}}},"6":{"name":"(anonymous_20)","decl":{"start":{"line":38,"column":31},"end":{"line":38,"column":38}},"loc":{"start":{"line":38,"column":58},"end":{"line":47,"column":2}}},"7":{"name":"(anonymous_21)","decl":{"start":{"line":38,"column":58},"end":{"line":38,"column":null}},"loc":{"start":{"line":38,"column":58},"end":{"line":47,"column":1}}},"8":{"name":"(anonymous_22)","decl":{"start":{"line":49,"column":23},"end":{"line":49,"column":30}},"loc":{"start":{"line":49,"column":58},"end":{"line":58,"column":2}}},"9":{"name":"(anonymous_23)","decl":{"start":{"line":49,"column":58},"end":{"line":49,"column":null}},"loc":{"start":{"line":49,"column":58},"end":{"line":58,"column":1}}},"10":{"name":"(anonymous_24)","decl":{"start":{"line":60,"column":33},"end":{"line":60,"column":40}},"loc":{"start":{"line":60,"column":68},"end":{"line":69,"column":2}}},"11":{"name":"(anonymous_25)","decl":{"start":{"line":60,"column":68},"end":{"line":60,"column":null}},"loc":{"start":{"line":60,"column":68},"end":{"line":69,"column":1}}},"12":{"name":"(anonymous_26)","decl":{"start":{"line":71,"column":30},"end":{"line":71,"column":37}},"loc":{"start":{"line":71,"column":57},"end":{"line":80,"column":2}}},"13":{"name":"(anonymous_27)","decl":{"start":{"line":71,"column":57},"end":{"line":71,"column":null}},"loc":{"start":{"line":71,"column":57},"end":{"line":80,"column":1}}}},"branchMap":{"0":{"loc":{"start":{"line":30,"column":4},"end":{"line":35,"column":null}},"type":"if","locations":[{"start":{"line":30,"column":4},"end":{"line":35,"column":null}},{"start":{"line":32,"column":11},"end":{"line":35,"column":null}}]},"1":{"loc":{"start":{"line":41,"column":4},"end":{"line":46,"column":null}},"type":"if","locations":[{"start":{"line":41,"column":4},"end":{"line":46,"column":null}},{"start":{"line":43,"column":11},"end":{"line":46,"column":null}}]},"2":{"loc":{"start":{"line":52,"column":4},"end":{"line":57,"column":null}},"type":"if","locations":[{"start":{"line":52,"column":4},"end":{"line":57,"column":null}},{"start":{"line":54,"column":11},"end":{"line":57,"column":null}}]},"3":{"loc":{"start":{"line":63,"column":4},"end":{"line":68,"column":null}},"type":"if","locations":[{"start":{"line":63,"column":4},"end":{"line":68,"column":null}},{"start":{"line":65,"column":11},"end":{"line":68,"column":null}}]},"4":{"loc":{"start":{"line":74,"column":4},"end":{"line":79,"column":null}},"type":"if","locations":[{"start":{"line":74,"column":4},"end":{"line":79,"column":null}},{"start":{"line":76,"column":11},"end":{"line":79,"column":null}}]}},"s":{"0":1,"1":1,"2":1,"3":1,"4":0,"5":0,"6":1,"7":1,"8":0,"9":0,"10":1,"11":1,"12":2,"13":2,"14":2,"15":1,"16":1,"17":1,"18":1,"19":1,"20":2,"21":2,"22":2,"23":1,"24":1,"25":1,"26":1,"27":1,"28":1,"29":1,"30":1,"31":0,"32":1,"33":1,"34":1,"35":1,"36":0,"37":0,"38":0,"39":0,"40":0,"41":0,"42":1,"43":1,"44":0,"45":0,"46":0,"47":0,"48":0,"49":0,"50":1},"f":{"0":0,"1":0,"2":0,"3":0,"4":2,"5":2,"6":2,"7":2,"8":1,"9":1,"10":0,"11":0,"12":0,"13":0},"b":{"0":[1,1],"1":[1,1],"2":[0,1],"3":[0,0],"4":[0,0]}}
,"C:\\Users\\dor01\\OneDrive\\Bureau\\_CONCORDIA\\Team Projects\\SOEN390-myCOVIDtracker\\SOEN390\\Backend\\source\\services\\patient.ts": {"path":"C:\\Users\\dor01\\OneDrive\\Bureau\\_CONCORDIA\\Team Projects\\SOEN390-myCOVIDtracker\\SOEN390\\Backend\\source\\services\\patient.ts","statementMap":{"0":{"start":{"line":3,"column":0},"end":{"line":3,"column":54}},"1":{"start":{"line":4,"column":0},"end":{"line":4,"column":40}},"2":{"start":{"line":7,"column":18},"end":{"line":7,"column":35}},"3":{"start":{"line":10,"column":25},"end":{"line":14,"column":1}},"4":{"start":{"line":12,"column":8},"end":{"line":12,"column":52}},"5":{"start":{"line":77,"column":4},"end":{"line":77,"column":20}},"6":{"start":{"line":16,"column":19},"end":{"line":26,"column":null}},"7":{"start":{"line":16,"column":46},"end":{"line":26,"column":null}},"8":{"start":{"line":17,"column":24},"end":{"line":17,"column":79}},"9":{"start":{"line":18,"column":9},"end":{"line":24,"column":null}},"10":{"start":{"line":19,"column":10},"end":{"line":19,"column":48}},"11":{"start":{"line":22,"column":8},"end":{"line":22,"column":73}},"12":{"start":{"line":23,"column":8},"end":{"line":23,"column":45}},"13":{"start":{"line":76,"column":4},"end":{"line":76,"column":14}},"14":{"start":{"line":29,"column":18},"end":{"line":39,"column":null}},"15":{"start":{"line":29,"column":45},"end":{"line":39,"column":null}},"16":{"start":{"line":30,"column":24},"end":{"line":30,"column":79}},"17":{"start":{"line":31,"column":9},"end":{"line":37,"column":null}},"18":{"start":{"line":32,"column":8},"end":{"line":32,"column":45}},"19":{"start":{"line":35,"column":8},"end":{"line":35,"column":73}},"20":{"start":{"line":36,"column":8},"end":{"line":36,"column":45}},"21":{"start":{"line":78,"column":4},"end":{"line":78,"column":13}},"22":{"start":{"line":41,"column":23},"end":{"line":57,"column":null}},"23":{"start":{"line":41,"column":50},"end":{"line":57,"column":null}},"24":{"start":{"line":42,"column":20},"end":{"line":42,"column":75}},"25":{"start":{"line":43,"column":4},"end":{"line":56,"column":null}},"26":{"start":{"line":44,"column":8},"end":{"line":44,"column":40}},"27":{"start":{"line":47,"column":23},"end":{"line":47,"column":73}},"28":{"start":{"line":50,"column":8},"end":{"line":55,"column":null}},"29":{"start":{"line":51,"column":12},"end":{"line":51,"column":24}},"30":{"start":{"line":54,"column":12},"end":{"line":54,"column":25}},"31":{"start":{"line":80,"column":4},"end":{"line":80,"column":18}},"32":{"start":{"line":59,"column":23},"end":{"line":63,"column":null}},"33":{"start":{"line":59,"column":50},"end":{"line":63,"column":null}},"34":{"start":{"line":60,"column":19},"end":{"line":60,"column":71}},"35":{"start":{"line":61,"column":4},"end":{"line":61,"column":57}},"36":{"start":{"line":62,"column":4},"end":{"line":62,"column":27}},"37":{"start":{"line":81,"column":4},"end":{"line":81,"column":18}},"38":{"start":{"line":65,"column":23},"end":{"line":73,"column":null}},"39":{"start":{"line":65,"column":50},"end":{"line":73,"column":null}},"40":{"start":{"line":66,"column":20},"end":{"line":66,"column":75}},"41":{"start":{"line":67,"column":4},"end":{"line":72,"column":null}},"42":{"start":{"line":68,"column":8},"end":{"line":68,"column":40}},"43":{"start":{"line":71,"column":9},"end":{"line":71,"column":82}},"44":{"start":{"line":82,"column":4},"end":{"line":82,"column":18}}},"fnMap":{"0":{"name":"(anonymous_14)","decl":{"start":{"line":10,"column":25},"end":{"line":10,"column":26}},"loc":{"start":{"line":10,"column":46},"end":{"line":14,"column":1}}},"1":{"name":"(anonymous_15)","decl":{"start":{"line":16,"column":19},"end":{"line":16,"column":26}},"loc":{"start":{"line":16,"column":46},"end":{"line":26,"column":null}}},"2":{"name":"(anonymous_16)","decl":{"start":{"line":16,"column":46},"end":{"line":16,"column":null}},"loc":{"start":{"line":16,"column":46},"end":{"line":26,"column":1}}},"3":{"name":"(anonymous_17)","decl":{"start":{"line":29,"column":18},"end":{"line":29,"column":25}},"loc":{"start":{"line":29,"column":45},"end":{"line":39,"column":null}}},"4":{"name":"(anonymous_18)","decl":{"start":{"line":29,"column":45},"end":{"line":29,"column":null}},"loc":{"start":{"line":29,"column":45},"end":{"line":39,"column":1}}},"5":{"name":"(anonymous_19)","decl":{"start":{"line":41,"column":23},"end":{"line":41,"column":30}},"loc":{"start":{"line":41,"column":50},"end":{"line":57,"column":null}}},"6":{"name":"(anonymous_20)","decl":{"start":{"line":41,"column":50},"end":{"line":41,"column":null}},"loc":{"start":{"line":41,"column":50},"end":{"line":57,"column":1}}},"7":{"name":"(anonymous_21)","decl":{"start":{"line":59,"column":23},"end":{"line":59,"column":30}},"loc":{"start":{"line":59,"column":50},"end":{"line":63,"column":null}}},"8":{"name":"(anonymous_22)","decl":{"start":{"line":59,"column":50},"end":{"line":59,"column":null}},"loc":{"start":{"line":59,"column":50},"end":{"line":63,"column":1}}},"9":{"name":"(anonymous_23)","decl":{"start":{"line":65,"column":23},"end":{"line":65,"column":30}},"loc":{"start":{"line":65,"column":50},"end":{"line":73,"column":null}}},"10":{"name":"(anonymous_24)","decl":{"start":{"line":65,"column":50},"end":{"line":65,"column":null}},"loc":{"start":{"line":65,"column":50},"end":{"line":73,"column":1}}}},"branchMap":{"0":{"loc":{"start":{"line":18,"column":9},"end":{"line":24,"column":null}},"type":"if","locations":[{"start":{"line":18,"column":9},"end":{"line":24,"column":null}},{"start":{"line":21,"column":14},"end":{"line":24,"column":null}}]},"1":{"loc":{"start":{"line":31,"column":9},"end":{"line":37,"column":null}},"type":"if","locations":[{"start":{"line":31,"column":9},"end":{"line":37,"column":null}},{"start":{"line":34,"column":14},"end":{"line":37,"column":null}}]},"2":{"loc":{"start":{"line":43,"column":4},"end":{"line":56,"column":null}},"type":"if","locations":[{"start":{"line":43,"column":4},"end":{"line":56,"column":null}},{"start":{"line":46,"column":9},"end":{"line":56,"column":null}}]},"3":{"loc":{"start":{"line":50,"column":8},"end":{"line":55,"column":null}},"type":"if","locations":[{"start":{"line":50,"column":8},"end":{"line":55,"column":null}},{"start":{"line":53,"column":13},"end":{"line":55,"column":null}}]},"4":{"loc":{"start":{"line":67,"column":4},"end":{"line":72,"column":null}},"type":"if","locations":[{"start":{"line":67,"column":4},"end":{"line":72,"column":null}},{"start":{"line":70,"column":9},"end":{"line":72,"column":null}}]}},"s":{"0":1,"1":1,"2":1,"3":1,"4":0,"5":1,"6":1,"7":2,"8":2,"9":2,"10":1,"11":1,"12":1,"13":1,"14":1,"15":0,"16":0,"17":0,"18":0,"19":0,"20":0,"21":1,"22":1,"23":1,"24":1,"25":1,"26":0,"27":1,"28":1,"29":0,"30":1,"31":1,"32":1,"33":0,"34":0,"35":0,"36":0,"37":1,"38":1,"39":2,"40":2,"41":2,"42":1,"43":1,"44":1},"f":{"0":0,"1":2,"2":2,"3":0,"4":0,"5":1,"6":1,"7":0,"8":0,"9":2,"10":2},"b":{"0":[1,1],"1":[0,0],"2":[0,1],"3":[0,1],"4":[1,1]}}
}
