{"C:\\Users\\Public\\githubRepo\\SOEN390\\Backend\\source\\DatabaseServices.ts": {"path":"C:\\Users\\Public\\githubRepo\\SOEN390\\Backend\\source\\DatabaseServices.ts","statementMap":{"0":{"start":{"line":2,"column":0},"end":{"line":2,"column":39}},"1":{"start":{"line":3,"column":0},"end":{"line":3,"column":48}},"2":{"start":{"line":5,"column":18},"end":{"line":5,"column":36}},"3":{"start":{"line":8,"column":4},"end":{"line":8,"column":57}},"4":{"start":{"line":10,"column":4},"end":{"line":28,"column":7}},"5":{"start":{"line":12,"column":12},"end":{"line":23,"column":19}},"6":{"start":{"line":14,"column":20},"end":{"line":14,"column":34}},"7":{"start":{"line":17,"column":20},"end":{"line":17,"column":67}},"8":{"start":{"line":18,"column":20},"end":{"line":18,"column":32}},"9":{"start":{"line":21,"column":20},"end":{"line":21,"column":67}},"10":{"start":{"line":22,"column":20},"end":{"line":22,"column":37}},"11":{"start":{"line":26,"column":12},"end":{"line":26,"column":59}},"12":{"start":{"line":27,"column":12},"end":{"line":27,"column":24}},"13":{"start":{"line":31,"column":8},"end":{"line":31,"column":21}}},"fnMap":{"0":{"name":"queryDatabase","decl":{"start":{"line":7,"column":9},"end":{"line":7,"column":22}},"loc":{"start":{"line":7,"column":36},"end":{"line":29,"column":1}}},"1":{"name":"(anonymous_2)","decl":{"start":{"line":11,"column":14},"end":{"line":11,"column":15}},"loc":{"start":{"line":11,"column":29},"end":{"line":24,"column":9}}},"2":{"name":"(anonymous_3)","decl":{"start":{"line":13,"column":22},"end":{"line":13,"column":23}},"loc":{"start":{"line":13,"column":33},"end":{"line":15,"column":17}}},"3":{"name":"(anonymous_4)","decl":{"start":{"line":16,"column":23},"end":{"line":16,"column":24}},"loc":{"start":{"line":16,"column":33},"end":{"line":19,"column":17}}},"4":{"name":"(anonymous_5)","decl":{"start":{"line":20,"column":25},"end":{"line":20,"column":28}},"loc":{"start":{"line":20,"column":30},"end":{"line":23,"column":17}}},"5":{"name":"(anonymous_6)","decl":{"start":{"line":25,"column":15},"end":{"line":25,"column":16}},"loc":{"start":{"line":25,"column":25},"end":{"line":28,"column":5}}}},"branchMap":{},"s":{"0":1,"1":1,"2":1,"3":8,"4":8,"5":8,"6":8,"7":0,"8":0,"9":8,"10":8,"11":0,"12":0,"13":1},"f":{"0":8,"1":8,"2":8,"3":0,"4":8,"5":0},"b":{}}
,"C:\\Users\\Public\\githubRepo\\SOEN390\\Backend\\source\\config\\config.ts": {"path":"C:\\Users\\Public\\githubRepo\\SOEN390\\Backend\\source\\config\\config.ts","statementMap":{"0":{"start":{"line":1,"column":0},"end":{"line":1,"column":28}},"1":{"start":{"line":2,"column":0},"end":{"line":2,"column":16}},"2":{"start":{"line":4,"column":19},"end":{"line":4,"column":51}},"3":{"start":{"line":5,"column":0},"end":{"line":5,"column":58}},"4":{"start":{"line":6,"column":23},"end":{"line":6,"column":62}},"5":{"start":{"line":7,"column":19},"end":{"line":7,"column":60}},"6":{"start":{"line":8,"column":23},"end":{"line":8,"column":62}},"7":{"start":{"line":11,"column":14},"end":{"line":16,"column":2}},"8":{"start":{"line":18,"column":24},"end":{"line":18,"column":66}},"9":{"start":{"line":19,"column":20},"end":{"line":19,"column":44}},"10":{"start":{"line":21,"column":32},"end":{"line":21,"column":75}},"11":{"start":{"line":22,"column":28},"end":{"line":22,"column":74}},"12":{"start":{"line":23,"column":28},"end":{"line":23,"column":85}},"13":{"start":{"line":26,"column":15},"end":{"line":34,"column":2}},"14":{"start":{"line":36,"column":15},"end":{"line":39,"column":2}},"15":{"start":{"line":41,"column":0},"end":{"line":41,"column":22}}},"fnMap":{},"branchMap":{"0":{"loc":{"start":{"line":4,"column":19},"end":{"line":4,"column":51}},"type":"binary-expr","locations":[{"start":{"line":4,"column":19},"end":{"line":4,"column":41}},{"start":{"line":4,"column":45},"end":{"line":4,"column":51}}]},"1":{"loc":{"start":{"line":6,"column":23},"end":{"line":6,"column":62}},"type":"binary-expr","locations":[{"start":{"line":6,"column":23},"end":{"line":6,"column":49}},{"start":{"line":6,"column":53},"end":{"line":6,"column":62}}]},"2":{"loc":{"start":{"line":7,"column":19},"end":{"line":7,"column":60}},"type":"binary-expr","locations":[{"start":{"line":7,"column":19},"end":{"line":7,"column":41}},{"start":{"line":7,"column":45},"end":{"line":7,"column":60}}]},"3":{"loc":{"start":{"line":8,"column":23},"end":{"line":8,"column":62}},"type":"binary-expr","locations":[{"start":{"line":8,"column":23},"end":{"line":8,"column":49}},{"start":{"line":8,"column":53},"end":{"line":8,"column":62}}]},"4":{"loc":{"start":{"line":18,"column":24},"end":{"line":18,"column":66}},"type":"binary-expr","locations":[{"start":{"line":18,"column":24},"end":{"line":18,"column":51}},{"start":{"line":18,"column":55},"end":{"line":18,"column":66}}]},"5":{"loc":{"start":{"line":19,"column":20},"end":{"line":19,"column":44}},"type":"binary-expr","locations":[{"start":{"line":19,"column":20},"end":{"line":19,"column":36}},{"start":{"line":19,"column":40},"end":{"line":19,"column":44}}]},"6":{"loc":{"start":{"line":21,"column":32},"end":{"line":21,"column":75}},"type":"binary-expr","locations":[{"start":{"line":21,"column":32},"end":{"line":21,"column":67}},{"start":{"line":21,"column":71},"end":{"line":21,"column":75}}]},"7":{"loc":{"start":{"line":22,"column":28},"end":{"line":22,"column":74}},"type":"binary-expr","locations":[{"start":{"line":22,"column":28},"end":{"line":22,"column":59}},{"start":{"line":22,"column":63},"end":{"line":22,"column":74}}]},"8":{"loc":{"start":{"line":23,"column":28},"end":{"line":23,"column":85}},"type":"binary-expr","locations":[{"start":{"line":23,"column":28},"end":{"line":23,"column":59}},{"start":{"line":23,"column":63},"end":{"line":23,"column":85}}]}},"s":{"0":1,"1":1,"2":1,"3":1,"4":1,"5":1,"6":1,"7":1,"8":1,"9":1,"10":1,"11":1,"12":1,"13":1,"14":1,"15":1},"f":{},"b":{"0":[1,1],"1":[1,1],"2":[1,1],"3":[1,1],"4":[1,1],"5":[1,1],"6":[1,1],"7":[1,1],"8":[1,1]}}
,"C:\\Users\\Public\\githubRepo\\SOEN390\\Backend\\source\\config\\logging.ts": {"path":"C:\\Users\\Public\\githubRepo\\SOEN390\\Backend\\source\\config\\logging.ts","statementMap":{"0":{"start":{"line":1,"column":13},"end":{"line":7,"column":1}},"1":{"start":{"line":2,"column":4},"end":{"line":6,"column":null}},"2":{"start":{"line":3,"column":8},"end":{"line":3,"column":85}},"3":{"start":{"line":5,"column":8},"end":{"line":5,"column":77}},"4":{"start":{"line":9,"column":13},"end":{"line":15,"column":1}},"5":{"start":{"line":10,"column":4},"end":{"line":14,"column":null}},"6":{"start":{"line":11,"column":8},"end":{"line":11,"column":85}},"7":{"start":{"line":13,"column":8},"end":{"line":13,"column":77}},"8":{"start":{"line":17,"column":14},"end":{"line":23,"column":1}},"9":{"start":{"line":18,"column":4},"end":{"line":22,"column":null}},"10":{"start":{"line":19,"column":8},"end":{"line":19,"column":87}},"11":{"start":{"line":21,"column":8},"end":{"line":21,"column":79}},"12":{"start":{"line":25,"column":14},"end":{"line":31,"column":1}},"13":{"start":{"line":26,"column":4},"end":{"line":30,"column":null}},"14":{"start":{"line":27,"column":8},"end":{"line":27,"column":87}},"15":{"start":{"line":29,"column":8},"end":{"line":29,"column":79}},"16":{"start":{"line":33,"column":21},"end":{"line":35,"column":1}},"17":{"start":{"line":34,"column":4},"end":{"line":34,"column":36}},"18":{"start":{"line":37,"column":0},"end":{"line":42,"column":2}}},"fnMap":{"0":{"name":"(anonymous_0)","decl":{"start":{"line":1,"column":13},"end":{"line":1,"column":14}},"loc":{"start":{"line":1,"column":66},"end":{"line":7,"column":1}}},"1":{"name":"(anonymous_1)","decl":{"start":{"line":9,"column":13},"end":{"line":9,"column":14}},"loc":{"start":{"line":9,"column":66},"end":{"line":15,"column":1}}},"2":{"name":"(anonymous_2)","decl":{"start":{"line":17,"column":14},"end":{"line":17,"column":15}},"loc":{"start":{"line":17,"column":67},"end":{"line":23,"column":1}}},"3":{"name":"(anonymous_3)","decl":{"start":{"line":25,"column":14},"end":{"line":25,"column":15}},"loc":{"start":{"line":25,"column":67},"end":{"line":31,"column":1}}},"4":{"name":"(anonymous_4)","decl":{"start":{"line":33,"column":21},"end":{"line":33,"column":32}},"loc":{"start":{"line":33,"column":34},"end":{"line":35,"column":1}}}},"branchMap":{"0":{"loc":{"start":{"line":2,"column":4},"end":{"line":6,"column":null}},"type":"if","locations":[{"start":{"line":2,"column":4},"end":{"line":6,"column":null}},{"start":{"line":4,"column":11},"end":{"line":6,"column":null}}]},"1":{"loc":{"start":{"line":10,"column":4},"end":{"line":14,"column":null}},"type":"if","locations":[{"start":{"line":10,"column":4},"end":{"line":14,"column":null}},{"start":{"line":12,"column":11},"end":{"line":14,"column":null}}]},"2":{"loc":{"start":{"line":18,"column":4},"end":{"line":22,"column":null}},"type":"if","locations":[{"start":{"line":18,"column":4},"end":{"line":22,"column":null}},{"start":{"line":20,"column":11},"end":{"line":22,"column":null}}]},"3":{"loc":{"start":{"line":26,"column":4},"end":{"line":30,"column":null}},"type":"if","locations":[{"start":{"line":26,"column":4},"end":{"line":30,"column":null}},{"start":{"line":28,"column":11},"end":{"line":30,"column":null}}]}},"s":{"0":1,"1":16,"2":0,"3":16,"4":1,"5":0,"6":0,"7":0,"8":1,"9":1,"10":0,"11":1,"12":1,"13":5,"14":5,"15":0,"16":1,"17":22,"18":1},"f":{"0":16,"1":0,"2":1,"3":5,"4":22},"b":{"0":[0,16],"1":[0,0],"2":[0,1],"3":[5,0]}}
,"C:\\Users\\Public\\githubRepo\\SOEN390\\Backend\\source\\config\\mysql.ts": {"path":"C:\\Users\\Public\\githubRepo\\SOEN390\\Backend\\source\\config\\mysql.ts","statementMap":{"0":{"start":{"line":1,"column":0},"end":{"line":1,"column":26}},"1":{"start":{"line":2,"column":0},"end":{"line":2,"column":30}},"2":{"start":{"line":3,"column":0},"end":{"line":3,"column":32}},"3":{"start":{"line":5,"column":18},"end":{"line":5,"column":25}},"4":{"start":{"line":7,"column":15},"end":{"line":12,"column":2}},"5":{"start":{"line":14,"column":16},"end":{"line":26,"column":7}},"6":{"start":{"line":14,"column":27},"end":{"line":26,"column":7}},"7":{"start":{"line":15,"column":4},"end":{"line":26,"column":7}},"8":{"start":{"line":16,"column":27},"end":{"line":16,"column":57}},"9":{"start":{"line":17,"column":8},"end":{"line":25,"column":11}},"10":{"start":{"line":18,"column":12},"end":{"line":22,"column":null}},"11":{"start":{"line":19,"column":16},"end":{"line":19,"column":63}},"12":{"start":{"line":20,"column":16},"end":{"line":20,"column":30}},"13":{"start":{"line":21,"column":16},"end":{"line":21,"column":23}},"14":{"start":{"line":24,"column":12},"end":{"line":24,"column":32}},"15":{"start":{"line":41,"column":9},"end":{"line":41,"column":16}},"16":{"start":{"line":28,"column":14},"end":{"line":38,"column":7}},"17":{"start":{"line":28,"column":68},"end":{"line":38,"column":7}},"18":{"start":{"line":29,"column":4},"end":{"line":38,"column":7}},"19":{"start":{"line":30,"column":8},"end":{"line":37,"column":11}},"20":{"start":{"line":31,"column":12},"end":{"line":34,"column":null}},"21":{"start":{"line":32,"column":16},"end":{"line":32,"column":30}},"22":{"start":{"line":33,"column":16},"end":{"line":33,"column":23}},"23":{"start":{"line":36,"column":12},"end":{"line":36,"column":28}},"24":{"start":{"line":41,"column":18},"end":{"line":41,"column":23}}},"fnMap":{"0":{"name":"(anonymous_8)","decl":{"start":{"line":14,"column":16},"end":{"line":14,"column":25}},"loc":{"start":{"line":14,"column":27},"end":{"line":26,"column":7}}},"1":{"name":"(anonymous_9)","decl":{"start":{"line":14,"column":27},"end":{"line":14,"column":null}},"loc":{"start":{"line":14,"column":27},"end":{"line":26,"column":7}}},"2":{"name":"(anonymous_10)","decl":{"start":{"line":15,"column":34},"end":{"line":15,"column":35}},"loc":{"start":{"line":15,"column":54},"end":{"line":26,"column":5}}},"3":{"name":"(anonymous_11)","decl":{"start":{"line":17,"column":27},"end":{"line":17,"column":28}},"loc":{"start":{"line":17,"column":37},"end":{"line":25,"column":9}}},"4":{"name":"(anonymous_12)","decl":{"start":{"line":28,"column":14},"end":{"line":28,"column":21}},"loc":{"start":{"line":28,"column":68},"end":{"line":38,"column":7}}},"5":{"name":"(anonymous_13)","decl":{"start":{"line":28,"column":68},"end":{"line":28,"column":null}},"loc":{"start":{"line":28,"column":68},"end":{"line":38,"column":7}}},"6":{"name":"(anonymous_14)","decl":{"start":{"line":29,"column":16},"end":{"line":29,"column":17}},"loc":{"start":{"line":29,"column":36},"end":{"line":38,"column":5}}},"7":{"name":"(anonymous_15)","decl":{"start":{"line":30,"column":44},"end":{"line":30,"column":45}},"loc":{"start":{"line":30,"column":62},"end":{"line":37,"column":9}}}},"branchMap":{"0":{"loc":{"start":{"line":18,"column":12},"end":{"line":22,"column":null}},"type":"if","locations":[{"start":{"line":18,"column":12},"end":{"line":22,"column":null}}]},"1":{"loc":{"start":{"line":31,"column":12},"end":{"line":34,"column":null}},"type":"if","locations":[{"start":{"line":31,"column":12},"end":{"line":34,"column":null}}]}},"s":{"0":1,"1":1,"2":1,"3":1,"4":1,"5":1,"6":8,"7":8,"8":8,"9":8,"10":8,"11":0,"12":0,"13":0,"14":8,"15":1,"16":1,"17":8,"18":8,"19":8,"20":8,"21":0,"22":0,"23":8,"24":1},"f":{"0":8,"1":8,"2":8,"3":8,"4":8,"5":8,"6":8,"7":8},"b":{"0":[0],"1":[0]}}
,"C:\\Users\\Public\\githubRepo\\SOEN390\\Backend\\source\\repositories\\patient.ts": {"path":"C:\\Users\\Public\\githubRepo\\SOEN390\\Backend\\source\\repositories\\patient.ts","statementMap":{"0":{"start":{"line":3,"column":0},"end":{"line":3,"column":52}},"1":{"start":{"line":4,"column":0},"end":{"line":4,"column":40}},"2":{"start":{"line":6,"column":18},"end":{"line":6,"column":38}},"3":{"start":{"line":10,"column":19},"end":{"line":13,"column":1}},"4":{"start":{"line":11,"column":18},"end":{"line":11,"column":90}},"5":{"start":{"line":12,"column":4},"end":{"line":12,"column":32}},"6":{"start":{"line":52,"column":4},"end":{"line":52,"column":14}},"7":{"start":{"line":16,"column":25},"end":{"line":19,"column":1}},"8":{"start":{"line":17,"column":18},"end":{"line":17,"column":68}},"9":{"start":{"line":18,"column":4},"end":{"line":18,"column":32}},"10":{"start":{"line":53,"column":4},"end":{"line":53,"column":20}},"11":{"start":{"line":22,"column":38},"end":{"line":26,"column":1}},"12":{"start":{"line":23,"column":18},"end":{"line":23,"column":82}},"13":{"start":{"line":24,"column":6},"end":{"line":24,"column":48}},"14":{"start":{"line":25,"column":4},"end":{"line":25,"column":56}},"15":{"start":{"line":54,"column":4},"end":{"line":54,"column":33}},"16":{"start":{"line":29,"column":18},"end":{"line":34,"column":1}},"17":{"start":{"line":30,"column":18},"end":{"line":32,"column":132}},"18":{"start":{"line":33,"column":4},"end":{"line":33,"column":32}},"19":{"start":{"line":55,"column":4},"end":{"line":55,"column":13}},"20":{"start":{"line":36,"column":23},"end":{"line":39,"column":1}},"21":{"start":{"line":37,"column":18},"end":{"line":37,"column":84}},"22":{"start":{"line":38,"column":4},"end":{"line":38,"column":70}},"23":{"start":{"line":57,"column":4},"end":{"line":57,"column":18}},"24":{"start":{"line":41,"column":25},"end":{"line":44,"column":1}},"25":{"start":{"line":42,"column":18},"end":{"line":42,"column":82}},"26":{"start":{"line":43,"column":4},"end":{"line":43,"column":64}},"27":{"start":{"line":58,"column":4},"end":{"line":58,"column":20}},"28":{"start":{"line":46,"column":23},"end":{"line":49,"column":1}},"29":{"start":{"line":47,"column":18},"end":{"line":47,"column":100}},"30":{"start":{"line":48,"column":4},"end":{"line":48,"column":32}},"31":{"start":{"line":59,"column":4},"end":{"line":59,"column":18}}},"fnMap":{"0":{"name":"(anonymous_1)","decl":{"start":{"line":10,"column":19},"end":{"line":10,"column":20}},"loc":{"start":{"line":10,"column":40},"end":{"line":13,"column":1}}},"1":{"name":"(anonymous_2)","decl":{"start":{"line":16,"column":25},"end":{"line":16,"column":26}},"loc":{"start":{"line":16,"column":46},"end":{"line":19,"column":1}}},"2":{"name":"(anonymous_3)","decl":{"start":{"line":22,"column":38},"end":{"line":22,"column":39}},"loc":{"start":{"line":22,"column":60},"end":{"line":26,"column":1}}},"3":{"name":"(anonymous_4)","decl":{"start":{"line":29,"column":18},"end":{"line":29,"column":19}},"loc":{"start":{"line":29,"column":39},"end":{"line":34,"column":1}}},"4":{"name":"(anonymous_5)","decl":{"start":{"line":36,"column":23},"end":{"line":36,"column":24}},"loc":{"start":{"line":36,"column":45},"end":{"line":39,"column":1}}},"5":{"name":"(anonymous_6)","decl":{"start":{"line":41,"column":25},"end":{"line":41,"column":26}},"loc":{"start":{"line":41,"column":47},"end":{"line":44,"column":1}}},"6":{"name":"(anonymous_7)","decl":{"start":{"line":46,"column":23},"end":{"line":46,"column":24}},"loc":{"start":{"line":46,"column":67},"end":{"line":49,"column":1}}}},"branchMap":{},"s":{"0":1,"1":1,"2":1,"3":1,"4":1,"5":1,"6":1,"7":1,"8":0,"9":0,"10":1,"11":1,"12":5,"13":5,"14":5,"15":1,"16":1,"17":0,"18":0,"19":1,"20":1,"21":1,"22":1,"23":1,"24":1,"25":0,"26":0,"27":1,"28":1,"29":1,"30":1,"31":1},"f":{"0":1,"1":0,"2":5,"3":0,"4":1,"5":0,"6":1},"b":{}}
,"C:\\Users\\Public\\githubRepo\\SOEN390\\Backend\\source\\services\\patient.ts": {"path":"C:\\Users\\Public\\githubRepo\\SOEN390\\Backend\\source\\services\\patient.ts","statementMap":{"0":{"start":{"line":3,"column":0},"end":{"line":3,"column":54}},"1":{"start":{"line":4,"column":0},"end":{"line":4,"column":40}},"2":{"start":{"line":7,"column":18},"end":{"line":7,"column":35}},"3":{"start":{"line":10,"column":25},"end":{"line":14,"column":1}},"4":{"start":{"line":12,"column":8},"end":{"line":12,"column":52}},"5":{"start":{"line":81,"column":4},"end":{"line":81,"column":20}},"6":{"start":{"line":16,"column":19},"end":{"line":28,"column":null}},"7":{"start":{"line":16,"column":46},"end":{"line":28,"column":null}},"8":{"start":{"line":17,"column":24},"end":{"line":17,"column":79}},"9":{"start":{"line":18,"column":9},"end":{"line":26,"column":null}},"10":{"start":{"line":19,"column":27},"end":{"line":19,"column":63}},"11":{"start":{"line":20,"column":10},"end":{"line":20,"column":null}},"12":{"start":{"line":23,"column":8},"end":{"line":23,"column":73}},"13":{"start":{"line":24,"column":8},"end":{"line":24,"column":21}},"14":{"start":{"line":25,"column":8},"end":{"line":25,"column":45}},"15":{"start":{"line":80,"column":4},"end":{"line":80,"column":14}},"16":{"start":{"line":31,"column":18},"end":{"line":41,"column":null}},"17":{"start":{"line":31,"column":45},"end":{"line":41,"column":null}},"18":{"start":{"line":32,"column":24},"end":{"line":32,"column":79}},"19":{"start":{"line":33,"column":9},"end":{"line":39,"column":null}},"20":{"start":{"line":34,"column":8},"end":{"line":34,"column":45}},"21":{"start":{"line":37,"column":8},"end":{"line":37,"column":73}},"22":{"start":{"line":38,"column":8},"end":{"line":38,"column":45}},"23":{"start":{"line":82,"column":4},"end":{"line":82,"column":13}},"24":{"start":{"line":43,"column":23},"end":{"line":59,"column":null}},"25":{"start":{"line":43,"column":50},"end":{"line":59,"column":null}},"26":{"start":{"line":44,"column":20},"end":{"line":44,"column":75}},"27":{"start":{"line":45,"column":4},"end":{"line":58,"column":null}},"28":{"start":{"line":46,"column":8},"end":{"line":46,"column":40}},"29":{"start":{"line":49,"column":23},"end":{"line":49,"column":73}},"30":{"start":{"line":52,"column":8},"end":{"line":57,"column":null}},"31":{"start":{"line":53,"column":12},"end":{"line":53,"column":24}},"32":{"start":{"line":56,"column":12},"end":{"line":56,"column":25}},"33":{"start":{"line":84,"column":4},"end":{"line":84,"column":18}},"34":{"start":{"line":61,"column":23},"end":{"line":65,"column":null}},"35":{"start":{"line":61,"column":50},"end":{"line":65,"column":null}},"36":{"start":{"line":62,"column":19},"end":{"line":62,"column":71}},"37":{"start":{"line":63,"column":4},"end":{"line":63,"column":57}},"38":{"start":{"line":64,"column":4},"end":{"line":64,"column":27}},"39":{"start":{"line":85,"column":4},"end":{"line":85,"column":18}},"40":{"start":{"line":67,"column":23},"end":{"line":77,"column":null}},"41":{"start":{"line":67,"column":50},"end":{"line":77,"column":null}},"42":{"start":{"line":68,"column":20},"end":{"line":68,"column":75}},"43":{"start":{"line":69,"column":4},"end":{"line":76,"column":null}},"44":{"start":{"line":70,"column":4},"end":{"line":70,"column":17}},"45":{"start":{"line":71,"column":4},"end":{"line":71,"column":36}},"46":{"start":{"line":74,"column":30},"end":{"line":74,"column":101}},"47":{"start":{"line":75,"column":9},"end":{"line":75,"column":21}},"48":{"start":{"line":86,"column":4},"end":{"line":86,"column":18}}},"fnMap":{"0":{"name":"(anonymous_14)","decl":{"start":{"line":10,"column":25},"end":{"line":10,"column":26}},"loc":{"start":{"line":10,"column":46},"end":{"line":14,"column":1}}},"1":{"name":"(anonymous_15)","decl":{"start":{"line":16,"column":19},"end":{"line":16,"column":26}},"loc":{"start":{"line":16,"column":46},"end":{"line":28,"column":null}}},"2":{"name":"(anonymous_16)","decl":{"start":{"line":16,"column":46},"end":{"line":16,"column":null}},"loc":{"start":{"line":16,"column":46},"end":{"line":28,"column":1}}},"3":{"name":"(anonymous_17)","decl":{"start":{"line":31,"column":18},"end":{"line":31,"column":25}},"loc":{"start":{"line":31,"column":45},"end":{"line":41,"column":null}}},"4":{"name":"(anonymous_18)","decl":{"start":{"line":31,"column":45},"end":{"line":31,"column":null}},"loc":{"start":{"line":31,"column":45},"end":{"line":41,"column":1}}},"5":{"name":"(anonymous_19)","decl":{"start":{"line":43,"column":23},"end":{"line":43,"column":30}},"loc":{"start":{"line":43,"column":50},"end":{"line":59,"column":null}}},"6":{"name":"(anonymous_20)","decl":{"start":{"line":43,"column":50},"end":{"line":43,"column":null}},"loc":{"start":{"line":43,"column":50},"end":{"line":59,"column":1}}},"7":{"name":"(anonymous_21)","decl":{"start":{"line":61,"column":23},"end":{"line":61,"column":30}},"loc":{"start":{"line":61,"column":50},"end":{"line":65,"column":null}}},"8":{"name":"(anonymous_22)","decl":{"start":{"line":61,"column":50},"end":{"line":61,"column":null}},"loc":{"start":{"line":61,"column":50},"end":{"line":65,"column":1}}},"9":{"name":"(anonymous_23)","decl":{"start":{"line":67,"column":23},"end":{"line":67,"column":30}},"loc":{"start":{"line":67,"column":50},"end":{"line":77,"column":null}}},"10":{"name":"(anonymous_24)","decl":{"start":{"line":67,"column":50},"end":{"line":67,"column":null}},"loc":{"start":{"line":67,"column":50},"end":{"line":77,"column":1}}}},"branchMap":{"0":{"loc":{"start":{"line":18,"column":9},"end":{"line":26,"column":null}},"type":"if","locations":[{"start":{"line":18,"column":9},"end":{"line":26,"column":null}},{"start":{"line":22,"column":14},"end":{"line":26,"column":null}}]},"1":{"loc":{"start":{"line":33,"column":9},"end":{"line":39,"column":null}},"type":"if","locations":[{"start":{"line":33,"column":9},"end":{"line":39,"column":null}},{"start":{"line":36,"column":14},"end":{"line":39,"column":null}}]},"2":{"loc":{"start":{"line":45,"column":4},"end":{"line":58,"column":null}},"type":"if","locations":[{"start":{"line":45,"column":4},"end":{"line":58,"column":null}},{"start":{"line":48,"column":9},"end":{"line":58,"column":null}}]},"3":{"loc":{"start":{"line":52,"column":8},"end":{"line":57,"column":null}},"type":"if","locations":[{"start":{"line":52,"column":8},"end":{"line":57,"column":null}},{"start":{"line":55,"column":13},"end":{"line":57,"column":null}}]},"4":{"loc":{"start":{"line":69,"column":4},"end":{"line":76,"column":null}},"type":"if","locations":[{"start":{"line":69,"column":4},"end":{"line":76,"column":null}},{"start":{"line":73,"column":9},"end":{"line":76,"column":null}}]}},"s":{"0":1,"1":1,"2":1,"3":1,"4":0,"5":1,"6":1,"7":2,"8":2,"9":2,"10":1,"11":1,"12":1,"13":1,"14":0,"15":1,"16":1,"17":0,"18":0,"19":0,"20":0,"21":0,"22":0,"23":1,"24":1,"25":1,"26":1,"27":1,"28":0,"29":1,"30":1,"31":0,"32":1,"33":1,"34":1,"35":0,"36":0,"37":0,"38":0,"39":1,"40":1,"41":2,"42":2,"43":2,"44":1,"45":0,"46":1,"47":1,"48":1},"f":{"0":0,"1":2,"2":2,"3":0,"4":0,"5":1,"6":1,"7":0,"8":0,"9":2,"10":2},"b":{"0":[1,1],"1":[0,0],"2":[0,1],"3":[0,1],"4":[1,1]}}
}
