TN:
SF:source\DatabaseServices.ts
FN:7,queryDatabase
FN:11,(anonymous_2)
FN:13,(anonymous_3)
FN:16,(anonymous_4)
FN:20,(anonymous_5)
FN:25,(anonymous_6)
FNF:6
FNH:4
FNDA:8,queryDatabase
FNDA:8,(anonymous_2)
FNDA:8,(anonymous_3)
FNDA:0,(anonymous_4)
FNDA:8,(anonymous_5)
FNDA:0,(anonymous_6)
DA:2,1
DA:3,1
DA:5,1
DA:8,8
DA:10,8
DA:12,8
DA:14,8
DA:17,0
DA:18,0
DA:21,8
DA:22,8
DA:26,0
DA:27,0
DA:31,1
LF:14
LH:10
BRF:0
BRH:0
end_of_record
TN:
SF:source\config\config.ts
FNF:0
FNH:0
DA:1,1
DA:2,1
DA:4,1
DA:5,1
DA:6,1
DA:7,1
DA:8,1
DA:11,1
DA:18,1
DA:19,1
DA:21,1
DA:22,1
DA:23,1
DA:26,1
DA:36,1
DA:41,1
LF:16
LH:16
BRDA:4,0,0,1
BRDA:4,0,1,1
BRDA:6,1,0,1
BRDA:6,1,1,1
BRDA:7,2,0,1
BRDA:7,2,1,1
BRDA:8,3,0,1
BRDA:8,3,1,1
BRDA:18,4,0,1
BRDA:18,4,1,1
BRDA:19,5,0,1
BRDA:19,5,1,1
BRDA:21,6,0,1
BRDA:21,6,1,1
BRDA:22,7,0,1
BRDA:22,7,1,1
BRDA:23,8,0,1
BRDA:23,8,1,1
BRF:18
BRH:18
end_of_record
TN:
SF:source\config\logging.ts
FN:1,(anonymous_0)
FN:9,(anonymous_1)
FN:17,(anonymous_2)
FN:25,(anonymous_3)
FN:33,(anonymous_4)
FNF:5
FNH:4
FNDA:16,(anonymous_0)
FNDA:0,(anonymous_1)
FNDA:1,(anonymous_2)
FNDA:5,(anonymous_3)
FNDA:22,(anonymous_4)
DA:1,1
DA:2,16
DA:3,0
DA:5,16
DA:9,1
DA:10,0
DA:11,0
DA:13,0
DA:17,1
DA:18,1
DA:19,0
DA:21,1
DA:25,1
DA:26,5
DA:27,5
DA:29,0
DA:33,1
DA:34,22
DA:37,1
LF:19
LH:13
BRDA:2,0,0,0
BRDA:2,0,1,16
BRDA:10,1,0,0
BRDA:10,1,1,0
BRDA:18,2,0,0
BRDA:18,2,1,1
BRDA:26,3,0,5
BRDA:26,3,1,0
BRF:8
BRH:3
end_of_record
TN:
SF:source\config\mysql.ts
FN:14,(anonymous_8)
FN:14,(anonymous_9)
FN:15,(anonymous_10)
FN:17,(anonymous_11)
FN:28,(anonymous_12)
FN:28,(anonymous_13)
FN:29,(anonymous_14)
FN:30,(anonymous_15)
FNF:8
FNH:8
FNDA:8,(anonymous_8)
FNDA:8,(anonymous_9)
FNDA:8,(anonymous_10)
FNDA:8,(anonymous_11)
FNDA:8,(anonymous_12)
FNDA:8,(anonymous_13)
FNDA:8,(anonymous_14)
FNDA:8,(anonymous_15)
DA:1,1
DA:2,1
DA:3,1
DA:5,1
DA:7,1
DA:14,8
DA:15,8
DA:16,8
DA:17,8
DA:18,8
DA:19,0
DA:20,0
DA:21,0
DA:24,8
DA:28,8
DA:29,8
DA:30,8
DA:31,8
DA:32,0
DA:33,0
DA:36,8
DA:41,1
LF:22
LH:17
BRDA:18,0,0,0
BRDA:31,1,0,0
BRF:2
BRH:0
end_of_record
TN:
SF:source\repositories\patient.ts
FN:10,(anonymous_1)
FN:16,(anonymous_2)
FN:22,(anonymous_3)
FN:29,(anonymous_4)
FN:36,(anonymous_5)
FN:41,(anonymous_6)
FN:46,(anonymous_7)
FNF:7
FNH:4
FNDA:1,(anonymous_1)
FNDA:0,(anonymous_2)
FNDA:5,(anonymous_3)
FNDA:0,(anonymous_4)
FNDA:1,(anonymous_5)
FNDA:0,(anonymous_6)
FNDA:1,(anonymous_7)
DA:3,1
DA:4,1
DA:6,1
DA:10,1
DA:11,1
DA:12,1
DA:16,1
DA:17,0
DA:18,0
DA:22,1
DA:23,5
DA:24,5
DA:25,5
DA:29,1
DA:30,0
DA:33,0
DA:36,1
DA:37,1
DA:38,1
DA:41,1
DA:42,0
DA:43,0
DA:46,1
DA:47,1
DA:48,1
DA:52,1
DA:53,1
DA:54,1
DA:55,1
DA:57,1
DA:58,1
DA:59,1
LF:32
LH:26
BRF:0
BRH:0
end_of_record
TN:
SF:source\services\patient.ts
FN:10,(anonymous_14)
FN:16,(anonymous_15)
FN:16,(anonymous_16)
FN:31,(anonymous_17)
FN:31,(anonymous_18)
FN:43,(anonymous_19)
FN:43,(anonymous_20)
FN:61,(anonymous_21)
FN:61,(anonymous_22)
FN:67,(anonymous_23)
FN:67,(anonymous_24)
FNF:11
FNH:6
FNDA:0,(anonymous_14)
FNDA:2,(anonymous_15)
FNDA:2,(anonymous_16)
FNDA:0,(anonymous_17)
FNDA:0,(anonymous_18)
FNDA:1,(anonymous_19)
FNDA:1,(anonymous_20)
FNDA:0,(anonymous_21)
FNDA:0,(anonymous_22)
FNDA:2,(anonymous_23)
FNDA:2,(anonymous_24)
DA:3,1
DA:4,1
DA:7,1
DA:10,1
DA:12,0
DA:16,2
DA:17,2
DA:18,2
DA:19,1
DA:20,1
DA:23,1
DA:24,1
DA:25,0
DA:31,1
DA:32,0
DA:33,0
DA:34,0
DA:37,0
DA:38,0
DA:43,1
DA:44,1
DA:45,1
DA:46,0
DA:49,1
DA:52,1
DA:53,0
DA:56,1
DA:61,1
DA:62,0
DA:63,0
DA:64,0
DA:67,2
DA:68,2
DA:69,2
DA:70,1
DA:71,0
DA:74,1
DA:75,1
DA:80,1
DA:81,1
DA:82,1
DA:84,1
DA:85,1
DA:86,1
LF:44
LH:31
BRDA:18,0,0,1
BRDA:18,0,1,1
BRDA:33,1,0,0
BRDA:33,1,1,0
BRDA:45,2,0,0
BRDA:45,2,1,1
BRDA:52,3,0,0
BRDA:52,3,1,1
BRDA:69,4,0,1
BRDA:69,4,1,1
BRF:10
BRH:6
end_of_record
