TN:
SF:source\DatabaseServices.ts
FN:7,queryDatabase
FN:11,(anonymous_2)
FN:13,(anonymous_3)
FN:16,(anonymous_4)
FN:20,(anonymous_5)
FN:25,(anonymous_6)
FNF:6
FNH:4
FNDA:22,queryDatabase
FNDA:22,(anonymous_2)
FNDA:22,(anonymous_3)
FNDA:0,(anonymous_4)
FNDA:22,(anonymous_5)
FNDA:0,(anonymous_6)
DA:2,4
DA:3,4
DA:5,4
DA:8,22
DA:10,22
DA:12,22
DA:14,22
DA:17,0
DA:18,0
DA:21,22
DA:22,22
DA:26,0
DA:27,0
DA:31,4
LF:14
LH:10
BRF:0
BRH:0
end_of_record
TN:
SF:source\testflags.ts
FNF:0
FNH:0
DA:1,1
DA:2,1
LF:2
LH:2
BRF:0
BRH:0
end_of_record
TN:
SF:source\config\config.ts
FNF:0
FNH:0
DA:1,4
DA:2,4
DA:4,4
DA:5,4
DA:6,4
DA:7,4
DA:8,4
DA:11,4
DA:18,4
DA:19,4
DA:21,4
DA:22,4
DA:23,4
DA:26,4
DA:36,4
DA:41,4
LF:16
LH:16
BRDA:4,0,0,4
BRDA:4,0,1,4
BRDA:6,1,0,4
BRDA:6,1,1,4
BRDA:7,2,0,4
BRDA:7,2,1,4
BRDA:8,3,0,4
BRDA:8,3,1,4
BRDA:18,4,0,4
BRDA:18,4,1,4
BRDA:19,5,0,4
BRDA:19,5,1,4
BRDA:21,6,0,4
BRDA:21,6,1,4
BRDA:22,7,0,4
BRDA:22,7,1,4
BRDA:23,8,0,4
BRDA:23,8,1,4
BRF:18
BRH:18
end_of_record
TN:
SF:source\config\logging.ts
FN:1,(anonymous_0)
FN:9,(anonymous_1)
FN:17,(anonymous_2)
FN:25,(anonymous_3)
FN:33,(anonymous_4)
FNF:5
FNH:4
FNDA:45,(anonymous_0)
FNDA:0,(anonymous_1)
FNDA:5,(anonymous_2)
FNDA:10,(anonymous_3)
FNDA:60,(anonymous_4)
DA:1,6
DA:2,45
DA:3,0
DA:5,45
DA:9,6
DA:10,0
DA:11,0
DA:13,0
DA:17,6
DA:18,5
DA:19,0
DA:21,5
DA:25,6
DA:26,10
DA:27,10
DA:29,0
DA:33,6
DA:34,60
DA:37,6
LF:19
LH:13
BRDA:2,0,0,0
BRDA:2,0,1,45
BRDA:10,1,0,0
BRDA:10,1,1,0
BRDA:18,2,0,0
BRDA:18,2,1,5
BRDA:26,3,0,10
BRDA:26,3,1,0
BRF:8
BRH:3
end_of_record
TN:
SF:source\config\mysql.ts
FN:14,(anonymous_8)
FN:14,(anonymous_9)
FN:15,(anonymous_10)
FN:17,(anonymous_11)
FN:28,(anonymous_12)
FN:28,(anonymous_13)
FN:29,(anonymous_14)
FN:30,(anonymous_15)
FNF:8
FNH:8
FNDA:22,(anonymous_8)
FNDA:22,(anonymous_9)
FNDA:22,(anonymous_10)
FNDA:22,(anonymous_11)
FNDA:22,(anonymous_12)
FNDA:22,(anonymous_13)
FNDA:22,(anonymous_14)
FNDA:22,(anonymous_15)
DA:1,4
DA:2,4
DA:3,4
DA:5,4
DA:7,4
DA:14,22
DA:15,22
DA:16,22
DA:17,22
DA:18,22
DA:19,0
DA:20,0
DA:21,0
DA:24,22
DA:28,22
DA:29,22
DA:30,22
DA:31,22
DA:32,0
DA:33,0
DA:36,22
DA:41,4
LF:22
LH:17
BRDA:18,0,0,0
BRDA:31,1,0,0
BRF:2
BRH:0
end_of_record
TN:
SF:source\repositories\account.ts
FN:8,(anonymous_1)
FN:15,(anonymous_2)
FN:22,(anonymous_3)
FN:27,(anonymous_4)
FN:32,(anonymous_5)
FN:37,(anonymous_6)
FN:42,(anonymous_7)
FN:47,(anonymous_8)
FN:52,(anonymous_9)
FN:59,(anonymous_10)
FN:65,(anonymous_11)
FN:71,(anonymous_12)
FN:77,(anonymous_13)
FN:83,(anonymous_14)
FN:89,(anonymous_15)
FNF:15
FNH:1
FNDA:0,(anonymous_1)
FNDA:0,(anonymous_2)
FNDA:0,(anonymous_3)
FNDA:0,(anonymous_4)
FNDA:0,(anonymous_5)
FNDA:0,(anonymous_6)
FNDA:0,(anonymous_7)
FNDA:0,(anonymous_8)
FNDA:0,(anonymous_9)
FNDA:0,(anonymous_10)
FNDA:5,(anonymous_11)
FNDA:0,(anonymous_12)
FNDA:0,(anonymous_13)
FNDA:0,(anonymous_14)
FNDA:0,(anonymous_15)
DA:2,1
DA:3,1
DA:5,1
DA:8,1
DA:9,0
DA:10,0
DA:11,0
DA:15,1
DA:16,0
DA:17,0
DA:18,0
DA:22,1
DA:23,0
DA:24,0
DA:25,0
DA:27,1
DA:28,0
DA:29,0
DA:30,0
DA:32,1
DA:33,0
DA:34,0
DA:35,0
DA:37,1
DA:38,0
DA:39,0
DA:40,0
DA:42,1
DA:43,0
DA:44,0
DA:45,0
DA:47,1
DA:48,0
DA:49,0
DA:50,0
DA:52,1
DA:53,0
DA:54,0
DA:55,0
DA:59,1
DA:60,0
DA:61,0
DA:65,1
DA:66,5
DA:67,5
DA:71,1
DA:72,0
DA:73,0
DA:77,1
DA:78,0
DA:79,0
DA:83,1
DA:84,0
DA:85,0
DA:89,1
DA:90,0
DA:91,0
DA:95,1
DA:96,1
DA:98,1
DA:99,1
DA:100,1
DA:101,1
DA:102,1
DA:103,1
DA:104,1
DA:106,1
DA:107,1
DA:108,1
DA:109,1
DA:110,1
DA:112,1
LF:72
LH:35
BRF:0
BRH:0
end_of_record
TN:
SF:source\repositories\appointment.ts
FN:8,(anonymous_0)
FN:14,(anonymous_1)
FN:20,(anonymous_2)
FN:26,(anonymous_3)
FNF:4
FNH:1
FNDA:0,(anonymous_0)
FNDA:0,(anonymous_1)
FNDA:0,(anonymous_2)
FNDA:2,(anonymous_3)
DA:2,1
DA:5,1
DA:8,1
DA:9,0
DA:10,0
DA:14,1
DA:15,0
DA:16,0
DA:20,1
DA:21,0
DA:22,0
DA:26,1
DA:27,2
DA:28,2
DA:33,1
DA:34,1
DA:35,1
DA:36,1
LF:18
LH:12
BRF:0
BRH:0
end_of_record
TN:
SF:source\repositories\doctor.ts
FN:10,(anonymous_1)
FN:16,(anonymous_2)
FN:22,(anonymous_3)
FN:28,(anonymous_4)
FN:34,(anonymous_5)
FN:40,(anonymous_6)
FN:47,(anonymous_7)
FN:57,(anonymous_8)
FNF:8
FNH:3
FNDA:0,(anonymous_1)
FNDA:0,(anonymous_2)
FNDA:1,(anonymous_3)
FNDA:1,(anonymous_4)
FNDA:0,(anonymous_5)
FNDA:5,(anonymous_6)
FNDA:0,(anonymous_7)
FNDA:0,(anonymous_8)
DA:2,1
DA:3,1
DA:6,1
DA:10,1
DA:11,0
DA:12,0
DA:16,1
DA:17,0
DA:18,0
DA:22,1
DA:23,1
DA:24,1
DA:28,1
DA:29,1
DA:30,1
DA:34,1
DA:35,0
DA:36,0
DA:40,1
DA:41,5
DA:42,5
DA:43,5
DA:47,1
DA:49,0
DA:50,0
DA:51,0
DA:53,0
DA:57,1
DA:58,0
DA:59,0
DA:64,1
DA:65,1
DA:66,1
DA:67,1
DA:68,1
DA:69,1
DA:70,1
DA:71,1
LF:38
LH:26
BRDA:50,0,0,0
BRF:1
BRH:0
end_of_record
TN:
SF:source\repositories\patient.ts
FN:10,(anonymous_1)
FN:16,(anonymous_2)
FN:22,(anonymous_3)
FN:29,(anonymous_4)
FN:36,(anonymous_5)
FN:41,(anonymous_6)
FN:46,(anonymous_7)
FNF:7
FNH:4
FNDA:1,(anonymous_1)
FNDA:0,(anonymous_2)
FNDA:5,(anonymous_3)
FNDA:0,(anonymous_4)
FNDA:1,(anonymous_5)
FNDA:0,(anonymous_6)
FNDA:1,(anonymous_7)
DA:3,1
DA:4,1
DA:6,1
DA:10,1
DA:11,1
DA:12,1
DA:16,1
DA:17,0
DA:18,0
DA:22,1
DA:23,5
DA:24,5
DA:25,5
DA:29,1
DA:30,0
DA:33,0
DA:36,1
DA:37,1
DA:38,1
DA:41,1
DA:42,0
DA:43,0
DA:46,1
DA:47,1
DA:48,1
DA:52,1
DA:53,1
DA:54,1
DA:55,1
DA:57,1
DA:58,1
DA:59,1
LF:32
LH:26
BRF:0
BRH:0
end_of_record
TN:
SF:source\services\account.ts
FN:21,(anonymous_14)
FN:21,(anonymous_15)
FN:37,(anonymous_16)
FN:41,(anonymous_17)
FN:44,(anonymous_18)
FN:49,(anonymous_19)
FN:57,(anonymous_20)
FN:57,(anonymous_21)
FN:76,(anonymous_22)
FN:80,(anonymous_23)
FN:83,(anonymous_24)
FN:88,(anonymous_25)
FN:96,(anonymous_26)
FN:96,(anonymous_27)
FN:109,(anonymous_28)
FN:118,(anonymous_29)
FN:118,(anonymous_30)
FN:133,(anonymous_31)
FN:142,(anonymous_32)
FN:142,(anonymous_33)
FN:156,(anonymous_34)
FN:156,(anonymous_35)
FN:174,(anonymous_36)
FN:174,(anonymous_37)
FN:178,(anonymous_38)
FN:178,(anonymous_39)
FNF:26
FNH:6
FNDA:2,(anonymous_14)
FNDA:2,(anonymous_15)
FNDA:0,(anonymous_16)
FNDA:0,(anonymous_17)
FNDA:0,(anonymous_18)
FNDA:0,(anonymous_19)
FNDA:0,(anonymous_20)
FNDA:0,(anonymous_21)
FNDA:0,(anonymous_22)
FNDA:0,(anonymous_23)
FNDA:0,(anonymous_24)
FNDA:0,(anonymous_25)
FNDA:2,(anonymous_26)
FNDA:2,(anonymous_27)
FNDA:0,(anonymous_28)
FNDA:0,(anonymous_29)
FNDA:0,(anonymous_30)
FNDA:0,(anonymous_31)
FNDA:1,(anonymous_32)
FNDA:1,(anonymous_33)
FNDA:0,(anonymous_34)
FNDA:0,(anonymous_35)
FNDA:0,(anonymous_36)
FNDA:0,(anonymous_37)
FNDA:0,(anonymous_38)
FNDA:0,(anonymous_39)
DA:13,1
DA:14,1
DA:15,1
DA:16,1
DA:18,1
DA:21,2
DA:23,2
DA:24,0
DA:26,2
DA:27,0
DA:30,2
DA:31,2
DA:32,1
DA:33,1
DA:36,1
DA:38,0
DA:40,0
DA:42,0
DA:45,0
DA:46,0
DA:50,0
DA:51,0
DA:57,1
DA:59,0
DA:60,0
DA:62,0
DA:63,0
DA:65,0
DA:66,0
DA:69,0
DA:70,0
DA:71,0
DA:72,0
DA:75,0
DA:77,0
DA:79,0
DA:81,0
DA:84,0
DA:85,0
DA:89,0
DA:90,0
DA:96,2
DA:97,2
DA:98,0
DA:100,2
DA:101,0
DA:104,2
DA:105,2
DA:106,2
DA:109,0
DA:110,0
DA:111,0
DA:113,0
DA:114,0
DA:118,1
DA:119,0
DA:120,0
DA:122,0
DA:123,0
DA:126,0
DA:127,0
DA:128,0
DA:130,0
DA:131,0
DA:133,0
DA:134,0
DA:135,0
DA:137,0
DA:138,0
DA:142,1
DA:144,1
DA:145,0
DA:148,1
DA:149,1
DA:150,1
DA:152,0
DA:156,1
DA:158,0
DA:159,0
DA:162,0
DA:164,0
DA:165,0
DA:167,0
DA:168,0
DA:170,0
DA:174,1
DA:175,0
DA:178,1
DA:179,0
DA:183,1
DA:184,1
DA:185,1
DA:186,1
DA:187,1
DA:188,1
DA:189,1
DA:190,1
LF:97
LH:37
BRDA:23,0,0,0
BRDA:23,1,0,2
BRDA:23,1,1,2
BRDA:23,1,2,2
BRDA:26,2,0,0
BRDA:26,3,0,2
BRDA:26,3,1,2
BRDA:26,3,2,2
BRDA:31,4,0,1
BRDA:31,4,1,1
BRDA:59,5,0,0
BRDA:59,6,0,0
BRDA:59,6,1,0
BRDA:59,6,2,0
BRDA:62,7,0,0
BRDA:62,8,0,0
BRDA:62,8,1,0
BRDA:62,8,2,0
BRDA:65,9,0,0
BRDA:65,10,0,0
BRDA:65,10,1,0
BRDA:70,11,0,0
BRDA:70,11,1,0
BRDA:97,12,0,0
BRDA:97,13,0,2
BRDA:97,13,1,2
BRDA:97,13,2,2
BRDA:100,14,0,0
BRDA:100,15,0,2
BRDA:100,15,1,2
BRDA:100,15,2,2
BRDA:105,16,0,2
BRDA:110,17,0,0
BRDA:110,17,1,0
BRDA:119,18,0,0
BRDA:119,19,0,0
BRDA:119,19,1,0
BRDA:119,19,2,0
BRDA:122,20,0,0
BRDA:122,21,0,0
BRDA:122,21,1,0
BRDA:122,21,2,0
BRDA:127,22,0,0
BRDA:130,23,0,0
BRDA:144,24,0,0
BRDA:144,25,0,1
BRDA:144,25,1,1
BRDA:144,25,2,1
BRDA:149,26,0,1
BRDA:158,27,0,0
BRDA:158,27,1,0
BRDA:158,28,0,0
BRDA:158,28,1,0
BRDA:164,29,0,0
BRDA:164,30,0,0
BRDA:164,30,1,0
BRDA:164,30,2,0
BRDA:167,31,0,0
BRF:58
BRH:19
end_of_record
TN:
SF:source\services\appointment.ts
FN:13,(anonymous_13)
FN:20,(anonymous_14)
FN:27,(anonymous_15)
FN:27,(anonymous_16)
FNF:4
FNH:2
FNDA:0,(anonymous_13)
FNDA:0,(anonymous_14)
FNDA:2,(anonymous_15)
FNDA:2,(anonymous_16)
DA:3,1
DA:8,1
DA:13,1
DA:15,0
DA:20,1
DA:22,0
DA:27,2
DA:29,2
DA:31,2
DA:32,2
DA:35,0
DA:36,0
DA:43,1
DA:44,1
DA:45,1
LF:15
LH:11
BRDA:31,0,0,2
BRDA:31,0,1,0
BRF:2
BRH:1
end_of_record
TN:
SF:source\services\doctor.ts
FN:19,(anonymous_14)
FN:19,(anonymous_15)
FN:23,(anonymous_16)
FN:23,(anonymous_17)
FN:27,(anonymous_18)
FN:27,(anonymous_19)
FN:38,(anonymous_20)
FN:38,(anonymous_21)
FN:49,(anonymous_22)
FN:49,(anonymous_23)
FN:60,(anonymous_24)
FN:60,(anonymous_25)
FN:71,(anonymous_26)
FN:71,(anonymous_27)
FNF:14
FNH:6
FNDA:0,(anonymous_14)
FNDA:0,(anonymous_15)
FNDA:0,(anonymous_16)
FNDA:0,(anonymous_17)
FNDA:2,(anonymous_18)
FNDA:2,(anonymous_19)
FNDA:2,(anonymous_20)
FNDA:2,(anonymous_21)
FNDA:1,(anonymous_22)
FNDA:1,(anonymous_23)
FNDA:0,(anonymous_24)
FNDA:0,(anonymous_25)
FNDA:0,(anonymous_26)
FNDA:0,(anonymous_27)
DA:13,1
DA:14,1
DA:17,1
DA:19,1
DA:20,0
DA:23,1
DA:24,0
DA:27,2
DA:29,2
DA:30,2
DA:31,1
DA:33,1
DA:34,1
DA:38,2
DA:40,2
DA:41,2
DA:42,1
DA:44,1
DA:45,1
DA:49,1
DA:51,1
DA:52,1
DA:53,0
DA:55,1
DA:56,1
DA:60,1
DA:62,0
DA:63,0
DA:64,0
DA:66,0
DA:67,0
DA:71,1
DA:73,0
DA:74,0
DA:75,0
DA:77,0
DA:78,0
DA:81,1
LF:38
LH:25
BRDA:30,0,0,1
BRDA:30,0,1,1
BRDA:41,1,0,1
BRDA:41,1,1,1
BRDA:52,2,0,0
BRDA:52,2,1,1
BRDA:63,3,0,0
BRDA:63,3,1,0
BRDA:74,4,0,0
BRDA:74,4,1,0
BRF:10
BRH:5
end_of_record
TN:
SF:source\services\patient.ts
FN:10,(anonymous_14)
FN:16,(anonymous_15)
FN:16,(anonymous_16)
FN:29,(anonymous_17)
FN:29,(anonymous_18)
FN:41,(anonymous_19)
FN:41,(anonymous_20)
FN:59,(anonymous_21)
FN:59,(anonymous_22)
FN:65,(anonymous_23)
FN:65,(anonymous_24)
FNF:11
FNH:6
FNDA:0,(anonymous_14)
FNDA:2,(anonymous_15)
FNDA:2,(anonymous_16)
FNDA:0,(anonymous_17)
FNDA:0,(anonymous_18)
FNDA:1,(anonymous_19)
FNDA:1,(anonymous_20)
FNDA:0,(anonymous_21)
FNDA:0,(anonymous_22)
FNDA:2,(anonymous_23)
FNDA:2,(anonymous_24)
DA:3,1
DA:4,1
DA:7,1
DA:10,1
DA:12,0
DA:16,2
DA:17,2
DA:18,2
DA:19,1
DA:22,1
DA:23,1
DA:29,1
DA:30,0
DA:31,0
DA:32,0
DA:35,0
DA:36,0
DA:41,1
DA:42,1
DA:43,1
DA:44,0
DA:47,1
DA:50,1
DA:51,0
DA:54,1
DA:59,1
DA:60,0
DA:61,0
DA:62,0
DA:65,2
DA:66,2
DA:67,2
DA:68,1
DA:71,1
DA:76,1
DA:77,1
DA:78,1
DA:80,1
DA:81,1
DA:82,1
LF:40
LH:29
BRDA:18,0,0,1
BRDA:18,0,1,1
BRDA:31,1,0,0
BRDA:31,1,1,0
BRDA:43,2,0,0
BRDA:43,2,1,1
BRDA:50,3,0,0
BRDA:50,3,1,1
BRDA:67,4,0,1
BRDA:67,4,1,1
BRF:10
BRH:6
end_of_record
